This file contains any messages produced by compilers while
running configure, to aid debugging if configure makes a mistake.

It was created by configure, which was
generated by GNU Autoconf 2.59.  Invocation command line was

  $ ./configure CFLAGS= LDFLAGS= --disable-shared

## --------- ##
## Platform. ##
## --------- ##

hostname = gollum.x101.com
uname -m = i686
uname -r = 2.6.5-1.358
uname -s = Linux
uname -v = #1 Sat May 8 09:04:50 EDT 2004

/usr/bin/uname -p = unknown
/bin/uname -X     = unknown

/bin/arch              = i686
/usr/bin/arch -k       = unknown
/usr/convex/getsysinfo = unknown
hostinfo               = unknown
/bin/machine           = unknown
/usr/bin/oslevel       = unknown
/bin/universe          = unknown

PATH: /usr/kerberos/sbin
PATH: /usr/kerberos/bin
PATH: /usr/local/sbin
PATH: /usr/local/bin
PATH: /sbin
PATH: /bin
PATH: /usr/sbin
PATH: /usr/bin
PATH: /usr/X11R6/bin
PATH: /root/bin


## ----------- ##
## Core tests. ##
## ----------- ##

configure:1538: checking for a BSD-compatible install
configure:1593: result: /usr/bin/install -c
configure:1604: checking whether build environment is sane
configure:1647: result: yes
configure:1704: checking for gawk
configure:1720: found /bin/gawk
configure:1730: result: gawk
configure:1740: checking whether make sets $(MAKE)
configure:1760: result: yes
configure:1972: checking for gcc
configure:1988: found /usr/bin/gcc
configure:1998: result: gcc
configure:2242: checking for C compiler version
configure:2245: gcc --version </dev/null >&5
gcc (GCC) 3.3.3 20040412 (Red Hat Linux 3.3.3-7)
Copyright (C) 2003 Free Software Foundation, Inc.
This is free software; see the source for copying conditions.  There is NO
warranty; not even for MERCHANTABILITY or FITNESS FOR A PARTICULAR PURPOSE.

configure:2248: $? = 0
configure:2250: gcc -v </dev/null >&5
Reading specs from /usr/lib/gcc-lib/i386-redhat-linux/3.3.3/specs
Configured with: ../configure --prefix=/usr --mandir=/usr/share/man --infodir=/usr/share/info --enable-shared --enable-threads=posix --disable-checking --disable-libunwind-exceptions --with-system-zlib --enable-__cxa_atexit --host=i386-redhat-linux
Thread model: posix
gcc version 3.3.3 20040412 (Red Hat Linux 3.3.3-7)
configure:2253: $? = 0
configure:2255: gcc -V </dev/null >&5
gcc: `-V' option must have argument
configure:2258: $? = 1
configure:2281: checking for C compiler default output file name
configure:2284: gcc    conftest.c  >&5
configure:2287: $? = 0
configure:2333: result: a.out
configure:2338: checking whether the C compiler works
configure:2344: ./a.out
configure:2347: $? = 0
configure:2364: result: yes
configure:2371: checking whether we are cross compiling
configure:2373: result: no
configure:2376: checking for suffix of executables
configure:2378: gcc -o conftest    conftest.c  >&5
configure:2381: $? = 0
configure:2406: result: 
configure:2412: checking for suffix of object files
configure:2433: gcc -c   conftest.c >&5
configure:2436: $? = 0
configure:2458: result: o
configure:2462: checking whether we are using the GNU C compiler
configure:2486: gcc -c   conftest.c >&5
configure:2492: $? = 0
configure:2496: test -z 
			 || test ! -s conftest.err
configure:2499: $? = 0
configure:2502: test -s conftest.o
configure:2505: $? = 0
configure:2518: result: yes
configure:2524: checking whether gcc accepts -g
configure:2545: gcc -c -g  conftest.c >&5
configure:2551: $? = 0
configure:2555: test -z 
			 || test ! -s conftest.err
configure:2558: $? = 0
configure:2561: test -s conftest.o
configure:2564: $? = 0
configure:2575: result: yes
configure:2592: checking for gcc option to accept ANSI C
configure:2662: gcc  -c   conftest.c >&5
configure:2668: $? = 0
configure:2672: test -z 
			 || test ! -s conftest.err
configure:2675: $? = 0
configure:2678: test -s conftest.o
configure:2681: $? = 0
configure:2699: result: none needed
configure:2717: gcc -c   conftest.c >&5
conftest.c:2: error: syntax error before "me"
configure:2723: $? = 1
configure: failed program was:
| #ifndef __cplusplus
|   choke me
| #endif
configure:2867: checking for style of include used by make
configure:2895: result: GNU
configure:2923: checking dependency style of gcc
configure:3008: result: gcc3
configure:3103: checking build system type
configure:3121: result: i686-pc-linux-gnu
configure:3129: checking host system type
configure:3143: result: i686-pc-linux-gnu
configure:3151: checking for a sed that does not truncate output
configure:3205: result: /bin/sed
configure:3208: checking for egrep
configure:3218: result: grep -E
configure:3234: checking for ld used by gcc
configure:3301: result: /usr/bin/ld
configure:3310: checking if the linker (/usr/bin/ld) is GNU ld
configure:3325: result: yes
configure:3330: checking for /usr/bin/ld option to reload object files
configure:3337: result: -r
configure:3346: checking for BSD-compatible nm
configure:3388: result: /usr/bin/nm -B
configure:3392: checking whether ln -s works
configure:3396: result: yes
configure:3403: checking how to recognise dependent libraries
configure:3586: result: pass_all
configure:3800: checking how to run the C preprocessor
configure:3835: gcc -E  conftest.c
configure:3841: $? = 0
configure:3873: gcc -E  conftest.c
conftest.c:11:28: ac_nonexistent.h: No such file or directory
configure:3879: $? = 1
configure: failed program was:
| /* confdefs.h.  */
| 
| #define PACKAGE_NAME ""
| #define PACKAGE_TARNAME ""
| #define PACKAGE_VERSION ""
| #define PACKAGE_STRING ""
| #define PACKAGE_BUGREPORT ""
| #define PACKAGE "iax"
| #define VERSION "0.2.3"
| /* end confdefs.h.  */
| #include <ac_nonexistent.h>
configure:3918: result: gcc -E
configure:3942: gcc -E  conftest.c
configure:3948: $? = 0
configure:3980: gcc -E  conftest.c
conftest.c:11:28: ac_nonexistent.h: No such file or directory
configure:3986: $? = 1
configure: failed program was:
| /* confdefs.h.  */
| 
| #define PACKAGE_NAME ""
| #define PACKAGE_TARNAME ""
| #define PACKAGE_VERSION ""
| #define PACKAGE_STRING ""
| #define PACKAGE_BUGREPORT ""
| #define PACKAGE "iax"
| #define VERSION "0.2.3"
| /* end confdefs.h.  */
| #include <ac_nonexistent.h>
configure:4030: checking for ANSI C header files
configure:4055: gcc -c   conftest.c >&5
configure:4061: $? = 0
configure:4065: test -z 
			 || test ! -s conftest.err
configure:4068: $? = 0
configure:4071: test -s conftest.o
configure:4074: $? = 0
configure:4160: gcc -o conftest    conftest.c  >&5
configure:4163: $? = 0
configure:4165: ./conftest
configure:4168: $? = 0
configure:4183: result: yes
configure:4207: checking for sys/types.h
configure:4223: gcc -c   conftest.c >&5
configure:4229: $? = 0
configure:4233: test -z 
			 || test ! -s conftest.err
configure:4236: $? = 0
configure:4239: test -s conftest.o
configure:4242: $? = 0
configure:4253: result: yes
configure:4207: checking for sys/stat.h
configure:4223: gcc -c   conftest.c >&5
configure:4229: $? = 0
configure:4233: test -z 
			 || test ! -s conftest.err
configure:4236: $? = 0
configure:4239: test -s conftest.o
configure:4242: $? = 0
configure:4253: result: yes
configure:4207: checking for stdlib.h
configure:4223: gcc -c   conftest.c >&5
configure:4229: $? = 0
configure:4233: test -z 
			 || test ! -s conftest.err
configure:4236: $? = 0
configure:4239: test -s conftest.o
configure:4242: $? = 0
configure:4253: result: yes
configure:4207: checking for string.h
configure:4223: gcc -c   conftest.c >&5
configure:4229: $? = 0
configure:4233: test -z 
			 || test ! -s conftest.err
configure:4236: $? = 0
configure:4239: test -s conftest.o
configure:4242: $? = 0
configure:4253: result: yes
configure:4207: checking for memory.h
configure:4223: gcc -c   conftest.c >&5
configure:4229: $? = 0
configure:4233: test -z 
			 || test ! -s conftest.err
configure:4236: $? = 0
configure:4239: test -s conftest.o
configure:4242: $? = 0
configure:4253: result: yes
configure:4207: checking for strings.h
configure:4223: gcc -c   conftest.c >&5
configure:4229: $? = 0
configure:4233: test -z 
			 || test ! -s conftest.err
configure:4236: $? = 0
configure:4239: test -s conftest.o
configure:4242: $? = 0
configure:4253: result: yes
configure:4207: checking for inttypes.h
configure:4223: gcc -c   conftest.c >&5
configure:4229: $? = 0
configure:4233: test -z 
			 || test ! -s conftest.err
configure:4236: $? = 0
configure:4239: test -s conftest.o
configure:4242: $? = 0
configure:4253: result: yes
configure:4207: checking for stdint.h
configure:4223: gcc -c   conftest.c >&5
configure:4229: $? = 0
configure:4233: test -z 
			 || test ! -s conftest.err
configure:4236: $? = 0
configure:4239: test -s conftest.o
configure:4242: $? = 0
configure:4253: result: yes
configure:4207: checking for unistd.h
configure:4223: gcc -c   conftest.c >&5
configure:4229: $? = 0
configure:4233: test -z 
			 || test ! -s conftest.err
configure:4236: $? = 0
configure:4239: test -s conftest.o
configure:4242: $? = 0
configure:4253: result: yes
configure:4279: checking dlfcn.h usability
configure:4291: gcc -c   conftest.c >&5
configure:4297: $? = 0
configure:4301: test -z 
			 || test ! -s conftest.err
configure:4304: $? = 0
configure:4307: test -s conftest.o
configure:4310: $? = 0
configure:4320: result: yes
configure:4324: checking dlfcn.h presence
configure:4334: gcc -E  conftest.c
configure:4340: $? = 0
configure:4360: result: yes
configure:4395: checking for dlfcn.h
configure:4402: result: yes
configure:4467: checking for g++
configure:4483: found /usr/bin/g++
configure:4493: result: g++
configure:4509: checking for C++ compiler version
configure:4512: g++ --version </dev/null >&5
g++ (GCC) 3.3.3 20040412 (Red Hat Linux 3.3.3-7)
Copyright (C) 2003 Free Software Foundation, Inc.
This is free software; see the source for copying conditions.  There is NO
warranty; not even for MERCHANTABILITY or FITNESS FOR A PARTICULAR PURPOSE.

configure:4515: $? = 0
configure:4517: g++ -v </dev/null >&5
Reading specs from /usr/lib/gcc-lib/i386-redhat-linux/3.3.3/specs
Configured with: ../configure --prefix=/usr --mandir=/usr/share/man --infodir=/usr/share/info --enable-shared --enable-threads=posix --disable-checking --disable-libunwind-exceptions --with-system-zlib --enable-__cxa_atexit --host=i386-redhat-linux
Thread model: posix
gcc version 3.3.3 20040412 (Red Hat Linux 3.3.3-7)
configure:4520: $? = 0
configure:4522: g++ -V </dev/null >&5
g++: `-V' option must have argument
configure:4525: $? = 1
configure:4528: checking whether we are using the GNU C++ compiler
configure:4552: g++ -c   conftest.cc >&5
configure:4558: $? = 0
configure:4562: test -z 
			 || test ! -s conftest.err
configure:4565: $? = 0
configure:4568: test -s conftest.o
configure:4571: $? = 0
configure:4584: result: yes
configure:4590: checking whether g++ accepts -g
configure:4611: g++ -c -g  conftest.cc >&5
configure:4617: $? = 0
configure:4621: test -z 
			 || test ! -s conftest.err
configure:4624: $? = 0
configure:4627: test -s conftest.o
configure:4630: $? = 0
configure:4641: result: yes
configure:4683: g++ -c -g -O2  conftest.cc >&5
configure:4689: $? = 0
configure:4693: test -z 
			 || test ! -s conftest.err
configure:4696: $? = 0
configure:4699: test -s conftest.o
configure:4702: $? = 0
configure:4728: g++ -c -g -O2  conftest.cc >&5
conftest.cc: In function `int main()':
conftest.cc:26: error: `exit' undeclared (first use this function)
conftest.cc:26: error: (Each undeclared identifier is reported only once for 
   each function it appears in.)
configure:4734: $? = 1
configure: failed program was:
| /* confdefs.h.  */
| 
| #define PACKAGE_NAME ""
| #define PACKAGE_TARNAME ""
| #define PACKAGE_VERSION ""
| #define PACKAGE_STRING ""
| #define PACKAGE_BUGREPORT ""
| #define PACKAGE "iax"
| #define VERSION "0.2.3"
| #define STDC_HEADERS 1
| #define HAVE_SYS_TYPES_H 1
| #define HAVE_SYS_STAT_H 1
| #define HAVE_STDLIB_H 1
| #define HAVE_STRING_H 1
| #define HAVE_MEMORY_H 1
| #define HAVE_STRINGS_H 1
| #define HAVE_INTTYPES_H 1
| #define HAVE_STDINT_H 1
| #define HAVE_UNISTD_H 1
| #define HAVE_DLFCN_H 1
| /* end confdefs.h.  */
| 
| int
| main ()
| {
| exit (42);
|   ;
|   return 0;
| }
configure:4683: g++ -c -g -O2  conftest.cc >&5
configure:4689: $? = 0
configure:4693: test -z 
			 || test ! -s conftest.err
configure:4696: $? = 0
configure:4699: test -s conftest.o
configure:4702: $? = 0
configure:4728: g++ -c -g -O2  conftest.cc >&5
configure:4734: $? = 0
configure:4738: test -z 
			 || test ! -s conftest.err
configure:4741: $? = 0
configure:4744: test -s conftest.o
configure:4747: $? = 0
configure:4772: checking dependency style of g++
configure:4857: result: gcc3
configure:4879: checking how to run the C++ preprocessor
configure:4910: g++ -E  conftest.cc
configure:4916: $? = 0
configure:4948: g++ -E  conftest.cc
conftest.cc:25:28: ac_nonexistent.h: No such file or directory
configure:4954: $? = 1
configure: failed program was:
| /* confdefs.h.  */
| 
| #define PACKAGE_NAME ""
| #define PACKAGE_TARNAME ""
| #define PACKAGE_VERSION ""
| #define PACKAGE_STRING ""
| #define PACKAGE_BUGREPORT ""
| #define PACKAGE "iax"
| #define VERSION "0.2.3"
| #define STDC_HEADERS 1
| #define HAVE_SYS_TYPES_H 1
| #define HAVE_SYS_STAT_H 1
| #define HAVE_STDLIB_H 1
| #define HAVE_STRING_H 1
| #define HAVE_MEMORY_H 1
| #define HAVE_STRINGS_H 1
| #define HAVE_INTTYPES_H 1
| #define HAVE_STDINT_H 1
| #define HAVE_UNISTD_H 1
| #define HAVE_DLFCN_H 1
| #ifdef __cplusplus
| extern "C" void std::exit (int) throw (); using std::exit;
| #endif
| /* end confdefs.h.  */
| #include <ac_nonexistent.h>
configure:4993: result: g++ -E
configure:5017: g++ -E  conftest.cc
configure:5023: $? = 0
configure:5055: g++ -E  conftest.cc
conftest.cc:25:28: ac_nonexistent.h: No such file or directory
configure:5061: $? = 1
configure: failed program was:
| /* confdefs.h.  */
| 
| #define PACKAGE_NAME ""
| #define PACKAGE_TARNAME ""
| #define PACKAGE_VERSION ""
| #define PACKAGE_STRING ""
| #define PACKAGE_BUGREPORT ""
| #define PACKAGE "iax"
| #define VERSION "0.2.3"
| #define STDC_HEADERS 1
| #define HAVE_SYS_TYPES_H 1
| #define HAVE_SYS_STAT_H 1
| #define HAVE_STDLIB_H 1
| #define HAVE_STRING_H 1
| #define HAVE_MEMORY_H 1
| #define HAVE_STRINGS_H 1
| #define HAVE_INTTYPES_H 1
| #define HAVE_STDINT_H 1
| #define HAVE_UNISTD_H 1
| #define HAVE_DLFCN_H 1
| #ifdef __cplusplus
| extern "C" void std::exit (int) throw (); using std::exit;
| #endif
| /* end confdefs.h.  */
| #include <ac_nonexistent.h>
configure:5156: checking for g77
configure:5185: result: no
configure:5156: checking for f77
configure:5185: result: no
configure:5156: checking for xlf
configure:5185: result: no
configure:5156: checking for frt
configure:5185: result: no
configure:5156: checking for pgf77
configure:5185: result: no
configure:5156: checking for fort77
configure:5185: result: no
configure:5156: checking for fl32
configure:5185: result: no
configure:5156: checking for af77
configure:5185: result: no
configure:5156: checking for f90
configure:5185: result: no
configure:5156: checking for xlf90
configure:5185: result: no
configure:5156: checking for pgf90
configure:5185: result: no
configure:5156: checking for epcf90
configure:5185: result: no
configure:5156: checking for f95
configure:5185: result: no
configure:5156: checking for fort
configure:5185: result: no
configure:5156: checking for xlf95
configure:5185: result: no
configure:5156: checking for ifc
configure:5185: result: no
configure:5156: checking for efc
configure:5185: result: no
configure:5156: checking for pgf95
configure:5185: result: no
configure:5156: checking for lf95
configure:5185: result: no
configure:5156: checking for gfortran
configure:5185: result: no
configure:5200: checking for Fortran 77 compiler version
configure:5200:  --version </dev/null >&5
./configure: line 1: --version: command not found
configure:5203: $? = 127
configure:5205:  -v </dev/null >&5
./configure: line 1: -v: command not found
configure:5208: $? = 127
configure:5210:  -V </dev/null >&5
./configure: line 1: -V: command not found
configure:5213: $? = 127
configure:5221: checking whether we are using the GNU Fortran 77 compiler
configure:5235:  -c  conftest.F >&5
./configure: line 1: -c: command not found
configure:5241: $? = 127
configure: failed program was:
|       program main
| #ifndef __GNUC__
|        choke me
| #endif
| 
|       end
configure:5267: result: no
configure:5273: checking whether  accepts -g
configure:5285:  -c -g conftest.f >&5
./configure: line 1: -c: command not found
configure:5291: $? = 127
configure: failed program was:
|       program main
| 
|       end
configure:5316: result: no
configure:5346: checking the maximum length of command line arguments
configure:5411: result: 32768
configure:5422: checking command to parse /usr/bin/nm -B output from gcc object
configure:5511: gcc -c   conftest.c >&5
configure:5514: $? = 0
configure:5518: /usr/bin/nm -B conftest.o \| sed -n -e 's/^.*[ 	]\([ABCDGIRSTW][ABCDGIRSTW]*\)[ 	][ 	]*\(\)\([_A-Za-z][_A-Za-z0-9]*\)$/\1 \2\3 \3/p' \> conftest.nm
configure:5521: $? = 0
configure:5573: gcc -o conftest    conftest.c conftstm.o >&5
configure:5576: $? = 0
configure:5614: result: ok
configure:5618: checking for objdir
configure:5633: result: .libs
configure:5723: checking for ar
configure:5739: found /usr/bin/ar
configure:5750: result: ar
configure:5803: checking for ranlib
configure:5819: found /usr/bin/ranlib
configure:5830: result: ranlib
configure:5883: checking for strip
configure:5899: found /usr/bin/strip
configure:5910: result: strip
configure:6172: checking if gcc static flag  works
configure:6195: result: yes
configure:6213: checking if gcc supports -fno-rtti -fno-exceptions
configure:6234: gcc -c   -fno-rtti -fno-exceptions conftest.c >&5
cc1: warning: "-fno-rtti" is valid for C++ but not for C/ObjC
configure:6238: $? = 0
configure:6246: result: no
configure:6261: checking for gcc option to produce PIC
configure:6438: result: -fPIC
configure:6446: checking if gcc PIC flag -fPIC works
configure:6467: gcc -c   -fPIC -DPIC conftest.c >&5
configure:6471: $? = 0
configure:6479: result: yes
configure:6503: checking if gcc supports -c -o file.o
configure:6527: gcc -c   -o out/conftest2.o conftest.c >&5
configure:6531: $? = 0
configure:6548: result: yes
configure:6574: checking whether the gcc linker (/usr/bin/ld) supports shared libraries
configure:7422: result: yes
configure:7493: checking dynamic linker characteristics
configure:8054: result: GNU/Linux ld.so
configure:8058: checking how to hardcode library paths into programs
configure:8083: result: immediate
configure:8097: checking whether stripping libraries is possible
configure:8102: result: yes
configure:8932: checking if libtool supports shared libraries
configure:8934: result: yes
configure:8937: checking whether to build shared libraries
configure:8995: result: no
configure:8998: checking whether to build static libraries
configure:9002: result: yes
configure:9094: creating libtool
configure:9641: checking for ld used by g++
configure:9708: result: /usr/bin/ld
configure:9717: checking if the linker (/usr/bin/ld) is GNU ld
configure:9732: result: yes
configure:9783: checking whether the g++ linker (/usr/bin/ld) supports shared libraries
configure:10611: result: yes
configure:10629: g++ -c -g -O2  conftest.cc >&5
configure:10632: $? = 0
configure:10728: checking for g++ option to produce PIC
configure:10980: result: -fPIC
configure:10988: checking if g++ PIC flag -fPIC works
configure:11009: g++ -c -g -O2  -fPIC -DPIC conftest.cc >&5
configure:11013: $? = 0
configure:11021: result: yes
configure:11045: checking if g++ supports -c -o file.o
configure:11069: g++ -c -g -O2  -o out/conftest2.o conftest.cc >&5
configure:11073: $? = 0
configure:11090: result: yes
configure:11116: checking whether the g++ linker (/usr/bin/ld) supports shared libraries
configure:11141: result: yes
configure:11212: checking dynamic linker characteristics
configure:11773: result: GNU/Linux ld.so
configure:11777: checking how to hardcode library paths into programs
configure:11802: result: immediate
configure:11816: checking whether stripping libraries is possible
configure:11821: result: yes
configure:19111: checking for a BSD-compatible install
configure:19166: result: /usr/bin/install -c
configure:19179: checking for ANSI C header files
configure:19332: result: yes
configure:19524: creating ./config.status

## ---------------------- ##
## Running config.status. ##
## ---------------------- ##

This file was extended by config.status, which was
generated by GNU Autoconf 2.59.  Invocation command line was

  CONFIG_FILES    = 
  CONFIG_HEADERS  = 
  CONFIG_LINKS    = 
  CONFIG_COMMANDS = 
  $ ./config.status 

on gollum.x101.com

config.status:709: creating Makefile
config.status:709: creating src/Makefile
config.status:709: creating iax.spec
config.status:709: creating iax-config
config.status:892: executing depfiles commands
config.status:892: executing default commands

## ---------------- ##
## Cache variables. ##
## ---------------- ##

ac_cv_build=i686-pc-linux-gnu
ac_cv_build_alias=i686-pc-linux-gnu
ac_cv_c_compiler_gnu=yes
ac_cv_cxx_compiler_gnu=yes
ac_cv_env_CC_set=
ac_cv_env_CC_value=
ac_cv_env_CFLAGS_set=set
ac_cv_env_CFLAGS_value=
ac_cv_env_CPPFLAGS_set=
ac_cv_env_CPPFLAGS_value=
ac_cv_env_CPP_set=
ac_cv_env_CPP_value=
ac_cv_env_CXXCPP_set=
ac_cv_env_CXXCPP_value=
ac_cv_env_CXXFLAGS_set=
ac_cv_env_CXXFLAGS_value=
ac_cv_env_CXX_set=
ac_cv_env_CXX_value=
ac_cv_env_F77_set=
ac_cv_env_F77_value=
ac_cv_env_FFLAGS_set=
ac_cv_env_FFLAGS_value=
ac_cv_env_LDFLAGS_set=set
ac_cv_env_LDFLAGS_value=
ac_cv_env_build_alias_set=
ac_cv_env_build_alias_value=
ac_cv_env_host_alias_set=
ac_cv_env_host_alias_value=
ac_cv_env_target_alias_set=
ac_cv_env_target_alias_value=
ac_cv_exeext=
ac_cv_f77_compiler_gnu=no
ac_cv_header_dlfcn_h=yes
ac_cv_header_inttypes_h=yes
ac_cv_header_memory_h=yes
ac_cv_header_stdc=yes
ac_cv_header_stdint_h=yes
ac_cv_header_stdlib_h=yes
ac_cv_header_string_h=yes
ac_cv_header_strings_h=yes
ac_cv_header_sys_stat_h=yes
ac_cv_header_sys_types_h=yes
ac_cv_header_unistd_h=yes
ac_cv_host=i686-pc-linux-gnu
ac_cv_host_alias=i686-pc-linux-gnu
ac_cv_objext=o
ac_cv_path_install='/usr/bin/install -c'
ac_cv_prog_AWK=gawk
ac_cv_prog_CPP='gcc -E'
ac_cv_prog_CXXCPP='g++ -E'
ac_cv_prog_ac_ct_AR=ar
ac_cv_prog_ac_ct_CC=gcc
ac_cv_prog_ac_ct_CXX=g++
ac_cv_prog_ac_ct_RANLIB=ranlib
ac_cv_prog_ac_ct_STRIP=strip
ac_cv_prog_cc_g=yes
ac_cv_prog_cc_stdc=
ac_cv_prog_cxx_g=yes
ac_cv_prog_egrep='grep -E'
ac_cv_prog_f77_g=no
ac_cv_prog_make_make_set=yes
am_cv_CC_dependencies_compiler_type=gcc3
am_cv_CXX_dependencies_compiler_type=gcc3
lt_cv_deplibs_check_method=pass_all
lt_cv_file_magic_cmd='$MAGIC_CMD'
lt_cv_file_magic_test_file='/lib/libc.so.6 /lib/libc-2.3.3.so'
lt_cv_ld_reload_flag=-r
lt_cv_objdir=.libs
lt_cv_path_LD=/usr/bin/ld
lt_cv_path_LDCXX=/usr/bin/ld
lt_cv_path_NM='/usr/bin/nm -B'
lt_cv_path_SED=/bin/sed
lt_cv_prog_compiler_c_o=yes
lt_cv_prog_compiler_c_o_CXX=yes
lt_cv_prog_compiler_rtti_exceptions=no
lt_cv_prog_gnu_ld=yes
lt_cv_prog_gnu_ldcxx=yes
lt_cv_sys_global_symbol_pipe='sed -n -e '\''s/^.*[ 	]\([ABCDGIRSTW][ABCDGIRSTW]*\)[ 	][ 	]*\(\)\([_A-Za-z][_A-Za-z0-9]*\)$/\1 \2\3 \3/p'\'''
lt_cv_sys_global_symbol_to_c_name_address='sed -n -e '\''s/^: \([^ ]*\) $/  {\"\1\", (lt_ptr) 0},/p'\'' -e '\''s/^[BCDEGRST] \([^ ]*\) \([^ ]*\)$/  {"\2", (lt_ptr) \&\2},/p'\'''
lt_cv_sys_global_symbol_to_cdecl='sed -n -e '\''s/^. .* \(.*\)$/extern int \1;/p'\'''
lt_cv_sys_max_cmd_len=32768
lt_lt_cv_prog_compiler_c_o='"yes"'
lt_lt_cv_prog_compiler_c_o_CXX='"yes"'
lt_lt_cv_sys_global_symbol_pipe='"sed -n -e '\''s/^.*[ 	]\\([ABCDGIRSTW][ABCDGIRSTW]*\\)[ 	][ 	]*\\(\\)\\([_A-Za-z][_A-Za-z0-9]*\\)\$/\\1 \\2\\3 \\3/p'\''"'
lt_lt_cv_sys_global_symbol_to_c_name_address='"sed -n -e '\''s/^: \\([^ ]*\\) \$/  {\\\"\\1\\\", (lt_ptr) 0},/p'\'' -e '\''s/^[BCDEGRST] \\([^ ]*\\) \\([^ ]*\\)\$/  {\"\\2\", (lt_ptr) \\&\\2},/p'\''"'
lt_lt_cv_sys_global_symbol_to_cdecl='"sed -n -e '\''s/^. .* \\(.*\\)\$/extern int \\1;/p'\''"'

## ----------------- ##
## Output variables. ##
## ----------------- ##

ACLOCAL='${SHELL} /usr/src/iaxmodem-1.2.0/lib/libiax2/missing --run aclocal-1.8'
AMDEPBACKSLASH='\'
AMDEP_FALSE='#'
AMDEP_TRUE=''
AMTAR='${SHELL} /usr/src/iaxmodem-1.2.0/lib/libiax2/missing --run tar'
AR='ar'
AUTOCONF='${SHELL} /usr/src/iaxmodem-1.2.0/lib/libiax2/missing --run autoconf'
AUTOHEADER='${SHELL} /usr/src/iaxmodem-1.2.0/lib/libiax2/missing --run autoheader'
AUTOMAKE='${SHELL} /usr/src/iaxmodem-1.2.0/lib/libiax2/missing --run automake-1.8'
AWK='gawk'
CC='gcc'
CCDEPMODE='depmode=gcc3'
CFLAGS=''
CPP='gcc -E'
CPPFLAGS=''
CXX='g++'
CXXCPP='g++ -E'
CXXDEPMODE='depmode=gcc3'
CXXFLAGS='-g -O2'
CYGPATH_W='echo'
DEFS='-DPACKAGE_NAME=\"\" -DPACKAGE_TARNAME=\"\" -DPACKAGE_VERSION=\"\" -DPACKAGE_STRING=\"\" -DPACKAGE_BUGREPORT=\"\" -DPACKAGE=\"iax\" -DVERSION=\"0.2.3\" -DSTDC_HEADERS=1 -DHAVE_SYS_TYPES_H=1 -DHAVE_SYS_STAT_H=1 -DHAVE_STDLIB_H=1 -DHAVE_STRING_H=1 -DHAVE_MEMORY_H=1 -DHAVE_STRINGS_H=1 -DHAVE_INTTYPES_H=1 -DHAVE_STDINT_H=1 -DHAVE_UNISTD_H=1 -DHAVE_DLFCN_H=1 -DSTDC_HEADERS=1 '
DEPDIR='.deps'
ECHO='echo'
ECHO_C=''
ECHO_N='-n'
ECHO_T=''
EGREP='grep -E'
EXEEXT=''
F77=''
FFLAGS=''
IAX_VERSION=''
INSTALL_DATA='${INSTALL} -m 644'
INSTALL_PROGRAM='${INSTALL}'
INSTALL_SCRIPT='${INSTALL}'
INSTALL_STRIP_PROGRAM='${SHELL} $(install_sh) -c -s'
LDFLAGS=''
LIBOBJS=''
LIBS=''
LIBTOOL='$(SHELL) $(top_builddir)/libtool'
LN_S='ln -s'
LTLIBOBJS=''
MAKEINFO='${SHELL} /usr/src/iaxmodem-1.2.0/lib/libiax2/missing --run makeinfo'
OBJEXT='o'
PACKAGE='iax'
PACKAGE_BUGREPORT=''
PACKAGE_NAME=''
PACKAGE_STRING=''
PACKAGE_TARNAME=''
PACKAGE_VERSION=''
PATH_SEPARATOR=':'
RANLIB='ranlib'
SET_MAKE=''
SHELL='/bin/sh'
STRIP='strip'
VERSION='0.2.3'
ac_ct_AR='ar'
ac_ct_CC='gcc'
ac_ct_CXX='g++'
ac_ct_F77=''
ac_ct_RANLIB='ranlib'
ac_ct_STRIP='strip'
am__fastdepCC_FALSE='#'
am__fastdepCC_TRUE=''
am__fastdepCXX_FALSE='#'
am__fastdepCXX_TRUE=''
am__include='include'
am__leading_dot='.'
am__quote=''
bindir='${exec_prefix}/bin'
build='i686-pc-linux-gnu'
build_alias=''
build_cpu='i686'
build_os='linux-gnu'
build_vendor='pc'
datadir='${prefix}/share'
exec_prefix='${prefix}'
host='i686-pc-linux-gnu'
host_alias=''
host_cpu='i686'
host_os='linux-gnu'
host_vendor='pc'
includedir='${prefix}/include'
infodir='${prefix}/info'
install_sh='/usr/src/iaxmodem-1.2.0/lib/libiax2/install-sh'
libdir='${exec_prefix}/lib'
libexecdir='${exec_prefix}/libexec'
localstatedir='${prefix}/var'
mandir='${prefix}/man'
mkdir_p='mkdir -p -- .'
oldincludedir='/usr/include'
prefix='/usr/local'
program_transform_name='s,x,x,'
sbindir='${exec_prefix}/sbin'
sharedstatedir='${prefix}/com'
sysconfdir='${prefix}/etc'
target_alias=''

## ----------- ##
## confdefs.h. ##
## ----------- ##

#define HAVE_DLFCN_H 1
#define HAVE_INTTYPES_H 1
#define HAVE_MEMORY_H 1
#define HAVE_STDINT_H 1
#define HAVE_STDLIB_H 1
#define HAVE_STRINGS_H 1
#define HAVE_STRING_H 1
#define HAVE_SYS_STAT_H 1
#define HAVE_SYS_TYPES_H 1
#define HAVE_UNISTD_H 1
#define PACKAGE "iax"
#define PACKAGE_BUGREPORT ""
#define PACKAGE_NAME ""
#define PACKAGE_STRING ""
#define PACKAGE_TARNAME ""
#define PACKAGE_VERSION ""
#define STDC_HEADERS 1
#define STDC_HEADERS 1
#define VERSION "0.2.3"
#endif
#ifdef __cplusplus
extern "C" void std::exit (int) throw (); using std::exit;

configure: exit 0
