This file contains any messages produced by compilers while
running configure, to aid debugging if configure makes a mistake.

It was created by configure, which was
generated by GNU Autoconf 2.59.  Invocation command line was

  $ ./configure CFLAGS= LDFLAGS= --disable-shared

## --------- ##
## Platform. ##
## --------- ##

hostname = gollum.x101.com
uname -m = i686
uname -r = 2.6.5-1.358
uname -s = Linux
uname -v = #1 Sat May 8 09:04:50 EDT 2004

/usr/bin/uname -p = unknown
/bin/uname -X     = unknown

/bin/arch              = i686
/usr/bin/arch -k       = unknown
/usr/convex/getsysinfo = unknown
hostinfo               = unknown
/bin/machine           = unknown
/usr/bin/oslevel       = unknown
/bin/universe          = unknown

PATH: /usr/kerberos/sbin
PATH: /usr/kerberos/bin
PATH: /usr/local/sbin
PATH: /usr/local/bin
PATH: /sbin
PATH: /bin
PATH: /usr/sbin
PATH: /usr/bin
PATH: /usr/X11R6/bin
PATH: /root/bin


## ----------- ##
## Core tests. ##
## ----------- ##

configure:1721: checking for a BSD-compatible install
configure:1776: result: /usr/bin/install -c
configure:1787: checking whether build environment is sane
configure:1830: result: yes
configure:1895: checking for gawk
configure:1911: found /bin/gawk
configure:1921: result: gawk
configure:1931: checking whether make sets $(MAKE)
configure:1951: result: yes
configure:2126: checking build system type
configure:2144: result: i686-pc-linux-gnu
configure:2152: checking host system type
configure:2166: result: i686-pc-linux-gnu
configure:2221: checking for gcc
configure:2237: found /usr/bin/gcc
configure:2247: result: gcc
configure:2491: checking for C compiler version
configure:2494: gcc --version </dev/null >&5
gcc (GCC) 3.3.3 20040412 (Red Hat Linux 3.3.3-7)
Copyright (C) 2003 Free Software Foundation, Inc.
This is free software; see the source for copying conditions.  There is NO
warranty; not even for MERCHANTABILITY or FITNESS FOR A PARTICULAR PURPOSE.

configure:2497: $? = 0
configure:2499: gcc -v </dev/null >&5
Reading specs from /usr/lib/gcc-lib/i386-redhat-linux/3.3.3/specs
Configured with: ../configure --prefix=/usr --mandir=/usr/share/man --infodir=/usr/share/info --enable-shared --enable-threads=posix --disable-checking --disable-libunwind-exceptions --with-system-zlib --enable-__cxa_atexit --host=i386-redhat-linux
Thread model: posix
gcc version 3.3.3 20040412 (Red Hat Linux 3.3.3-7)
configure:2502: $? = 0
configure:2504: gcc -V </dev/null >&5
gcc: `-V' option must have argument
configure:2507: $? = 1
configure:2530: checking for C compiler default output file name
configure:2533: gcc    conftest.c  >&5
configure:2536: $? = 0
configure:2582: result: a.out
configure:2587: checking whether the C compiler works
configure:2593: ./a.out
configure:2596: $? = 0
configure:2613: result: yes
configure:2620: checking whether we are cross compiling
configure:2622: result: no
configure:2625: checking for suffix of executables
configure:2627: gcc -o conftest    conftest.c  >&5
configure:2630: $? = 0
configure:2655: result: 
configure:2661: checking for suffix of object files
configure:2682: gcc -c   conftest.c >&5
configure:2685: $? = 0
configure:2707: result: o
configure:2711: checking whether we are using the GNU C compiler
configure:2735: gcc -c   conftest.c >&5
configure:2741: $? = 0
configure:2745: test -z 
			 || test ! -s conftest.err
configure:2748: $? = 0
configure:2751: test -s conftest.o
configure:2754: $? = 0
configure:2767: result: yes
configure:2773: checking whether gcc accepts -g
configure:2794: gcc -c -g  conftest.c >&5
configure:2800: $? = 0
configure:2804: test -z 
			 || test ! -s conftest.err
configure:2807: $? = 0
configure:2810: test -s conftest.o
configure:2813: $? = 0
configure:2824: result: yes
configure:2841: checking for gcc option to accept ANSI C
configure:2911: gcc  -c   conftest.c >&5
configure:2917: $? = 0
configure:2921: test -z 
			 || test ! -s conftest.err
configure:2924: $? = 0
configure:2927: test -s conftest.o
configure:2930: $? = 0
configure:2948: result: none needed
configure:2966: gcc -c   conftest.c >&5
conftest.c:2: error: syntax error before "me"
configure:2972: $? = 1
configure: failed program was:
| #ifndef __cplusplus
|   choke me
| #endif
configure:3116: checking for style of include used by make
configure:3144: result: GNU
configure:3172: checking dependency style of gcc
configure:3262: result: gcc3
configure:3331: checking for g++
configure:3347: found /usr/bin/g++
configure:3357: result: g++
configure:3373: checking for C++ compiler version
configure:3376: g++ --version </dev/null >&5
g++ (GCC) 3.3.3 20040412 (Red Hat Linux 3.3.3-7)
Copyright (C) 2003 Free Software Foundation, Inc.
This is free software; see the source for copying conditions.  There is NO
warranty; not even for MERCHANTABILITY or FITNESS FOR A PARTICULAR PURPOSE.

configure:3379: $? = 0
configure:3381: g++ -v </dev/null >&5
Reading specs from /usr/lib/gcc-lib/i386-redhat-linux/3.3.3/specs
Configured with: ../configure --prefix=/usr --mandir=/usr/share/man --infodir=/usr/share/info --enable-shared --enable-threads=posix --disable-checking --disable-libunwind-exceptions --with-system-zlib --enable-__cxa_atexit --host=i386-redhat-linux
Thread model: posix
gcc version 3.3.3 20040412 (Red Hat Linux 3.3.3-7)
configure:3384: $? = 0
configure:3386: g++ -V </dev/null >&5
g++: `-V' option must have argument
configure:3389: $? = 1
configure:3392: checking whether we are using the GNU C++ compiler
configure:3416: g++ -c   conftest.cc >&5
configure:3422: $? = 0
configure:3426: test -z 
			 || test ! -s conftest.err
configure:3429: $? = 0
configure:3432: test -s conftest.o
configure:3435: $? = 0
configure:3448: result: yes
configure:3454: checking whether g++ accepts -g
configure:3475: g++ -c -g  conftest.cc >&5
configure:3481: $? = 0
configure:3485: test -z 
			 || test ! -s conftest.err
configure:3488: $? = 0
configure:3491: test -s conftest.o
configure:3494: $? = 0
configure:3505: result: yes
configure:3547: g++ -c -g -O2  conftest.cc >&5
configure:3553: $? = 0
configure:3557: test -z 
			 || test ! -s conftest.err
configure:3560: $? = 0
configure:3563: test -s conftest.o
configure:3566: $? = 0
configure:3592: g++ -c -g -O2  conftest.cc >&5
conftest.cc: In function `int main()':
conftest.cc:15: error: `exit' undeclared (first use this function)
conftest.cc:15: error: (Each undeclared identifier is reported only once for 
   each function it appears in.)
configure:3598: $? = 1
configure: failed program was:
| /* confdefs.h.  */
| 
| #define PACKAGE_NAME ""
| #define PACKAGE_TARNAME ""
| #define PACKAGE_VERSION ""
| #define PACKAGE_STRING ""
| #define PACKAGE_BUGREPORT ""
| #define PACKAGE "spandsp"
| #define VERSION "0.0.5"
| /* end confdefs.h.  */
| 
| int
| main ()
| {
| exit (42);
|   ;
|   return 0;
| }
configure:3547: g++ -c -g -O2  conftest.cc >&5
configure:3553: $? = 0
configure:3557: test -z 
			 || test ! -s conftest.err
configure:3560: $? = 0
configure:3563: test -s conftest.o
configure:3566: $? = 0
configure:3592: g++ -c -g -O2  conftest.cc >&5
configure:3598: $? = 0
configure:3602: test -z 
			 || test ! -s conftest.err
configure:3605: $? = 0
configure:3608: test -s conftest.o
configure:3611: $? = 0
configure:3636: checking dependency style of g++
configure:3726: result: gcc3
configure:3749: checking how to run the C preprocessor
configure:3784: gcc -E  conftest.c
configure:3790: $? = 0
configure:3822: gcc -E  conftest.c
conftest.c:14:28: ac_nonexistent.h: No such file or directory
configure:3828: $? = 1
configure: failed program was:
| /* confdefs.h.  */
| 
| #define PACKAGE_NAME ""
| #define PACKAGE_TARNAME ""
| #define PACKAGE_VERSION ""
| #define PACKAGE_STRING ""
| #define PACKAGE_BUGREPORT ""
| #define PACKAGE "spandsp"
| #define VERSION "0.0.5"
| #ifdef __cplusplus
| extern "C" void std::exit (int) throw (); using std::exit;
| #endif
| /* end confdefs.h.  */
| #include <ac_nonexistent.h>
configure:3867: result: gcc -E
configure:3891: gcc -E  conftest.c
configure:3897: $? = 0
configure:3929: gcc -E  conftest.c
conftest.c:14:28: ac_nonexistent.h: No such file or directory
configure:3935: $? = 1
configure: failed program was:
| /* confdefs.h.  */
| 
| #define PACKAGE_NAME ""
| #define PACKAGE_TARNAME ""
| #define PACKAGE_VERSION ""
| #define PACKAGE_STRING ""
| #define PACKAGE_BUGREPORT ""
| #define PACKAGE "spandsp"
| #define VERSION "0.0.5"
| #ifdef __cplusplus
| extern "C" void std::exit (int) throw (); using std::exit;
| #endif
| /* end confdefs.h.  */
| #include <ac_nonexistent.h>
configure:3979: checking for egrep
configure:3989: result: grep -E
configure:3995: checking whether gcc needs -traditional
configure:4037: result: no
configure:4116: checking for a sed that does not truncate output
configure:4172: result: /bin/sed
configure:4186: checking for ld used by gcc
configure:4253: result: /usr/bin/ld
configure:4262: checking if the linker (/usr/bin/ld) is GNU ld
configure:4277: result: yes
configure:4282: checking for /usr/bin/ld option to reload object files
configure:4289: result: -r
configure:4307: checking for BSD-compatible nm
configure:4356: result: /usr/bin/nm -B
configure:4360: checking whether ln -s works
configure:4364: result: yes
configure:4371: checking how to recognize dependent libraries
configure:4557: result: pass_all
configure:4800: checking for ANSI C header files
configure:4825: gcc -c   conftest.c >&5
configure:4831: $? = 0
configure:4835: test -z 
			 || test ! -s conftest.err
configure:4838: $? = 0
configure:4841: test -s conftest.o
configure:4844: $? = 0
configure:4930: gcc -o conftest    conftest.c  >&5
configure:4933: $? = 0
configure:4935: ./conftest
configure:4938: $? = 0
configure:4953: result: yes
configure:4977: checking for sys/types.h
configure:4993: gcc -c   conftest.c >&5
configure:4999: $? = 0
configure:5003: test -z 
			 || test ! -s conftest.err
configure:5006: $? = 0
configure:5009: test -s conftest.o
configure:5012: $? = 0
configure:5023: result: yes
configure:4977: checking for sys/stat.h
configure:4993: gcc -c   conftest.c >&5
configure:4999: $? = 0
configure:5003: test -z 
			 || test ! -s conftest.err
configure:5006: $? = 0
configure:5009: test -s conftest.o
configure:5012: $? = 0
configure:5023: result: yes
configure:4977: checking for stdlib.h
configure:4993: gcc -c   conftest.c >&5
configure:4999: $? = 0
configure:5003: test -z 
			 || test ! -s conftest.err
configure:5006: $? = 0
configure:5009: test -s conftest.o
configure:5012: $? = 0
configure:5023: result: yes
configure:4977: checking for string.h
configure:4993: gcc -c   conftest.c >&5
configure:4999: $? = 0
configure:5003: test -z 
			 || test ! -s conftest.err
configure:5006: $? = 0
configure:5009: test -s conftest.o
configure:5012: $? = 0
configure:5023: result: yes
configure:4977: checking for memory.h
configure:4993: gcc -c   conftest.c >&5
configure:4999: $? = 0
configure:5003: test -z 
			 || test ! -s conftest.err
configure:5006: $? = 0
configure:5009: test -s conftest.o
configure:5012: $? = 0
configure:5023: result: yes
configure:4977: checking for strings.h
configure:4993: gcc -c   conftest.c >&5
configure:4999: $? = 0
configure:5003: test -z 
			 || test ! -s conftest.err
configure:5006: $? = 0
configure:5009: test -s conftest.o
configure:5012: $? = 0
configure:5023: result: yes
configure:4977: checking for inttypes.h
configure:4993: gcc -c   conftest.c >&5
configure:4999: $? = 0
configure:5003: test -z 
			 || test ! -s conftest.err
configure:5006: $? = 0
configure:5009: test -s conftest.o
configure:5012: $? = 0
configure:5023: result: yes
configure:4977: checking for stdint.h
configure:4993: gcc -c   conftest.c >&5
configure:4999: $? = 0
configure:5003: test -z 
			 || test ! -s conftest.err
configure:5006: $? = 0
configure:5009: test -s conftest.o
configure:5012: $? = 0
configure:5023: result: yes
configure:4977: checking for unistd.h
configure:4993: gcc -c   conftest.c >&5
configure:4999: $? = 0
configure:5003: test -z 
			 || test ! -s conftest.err
configure:5006: $? = 0
configure:5009: test -s conftest.o
configure:5012: $? = 0
configure:5023: result: yes
configure:5049: checking dlfcn.h usability
configure:5061: gcc -c   conftest.c >&5
configure:5067: $? = 0
configure:5071: test -z 
			 || test ! -s conftest.err
configure:5074: $? = 0
configure:5077: test -s conftest.o
configure:5080: $? = 0
configure:5090: result: yes
configure:5094: checking dlfcn.h presence
configure:5104: gcc -E  conftest.c
configure:5110: $? = 0
configure:5130: result: yes
configure:5165: checking for dlfcn.h
configure:5172: result: yes
configure:5195: checking how to run the C++ preprocessor
configure:5226: g++ -E  conftest.cc
configure:5232: $? = 0
configure:5264: g++ -E  conftest.cc
conftest.cc:25:28: ac_nonexistent.h: No such file or directory
configure:5270: $? = 1
configure: failed program was:
| /* confdefs.h.  */
| 
| #define PACKAGE_NAME ""
| #define PACKAGE_TARNAME ""
| #define PACKAGE_VERSION ""
| #define PACKAGE_STRING ""
| #define PACKAGE_BUGREPORT ""
| #define PACKAGE "spandsp"
| #define VERSION "0.0.5"
| #ifdef __cplusplus
| extern "C" void std::exit (int) throw (); using std::exit;
| #endif
| #define STDC_HEADERS 1
| #define HAVE_SYS_TYPES_H 1
| #define HAVE_SYS_STAT_H 1
| #define HAVE_STDLIB_H 1
| #define HAVE_STRING_H 1
| #define HAVE_MEMORY_H 1
| #define HAVE_STRINGS_H 1
| #define HAVE_INTTYPES_H 1
| #define HAVE_STDINT_H 1
| #define HAVE_UNISTD_H 1
| #define HAVE_DLFCN_H 1
| /* end confdefs.h.  */
| #include <ac_nonexistent.h>
configure:5309: result: g++ -E
configure:5333: g++ -E  conftest.cc
configure:5339: $? = 0
configure:5371: g++ -E  conftest.cc
conftest.cc:25:28: ac_nonexistent.h: No such file or directory
configure:5377: $? = 1
configure: failed program was:
| /* confdefs.h.  */
| 
| #define PACKAGE_NAME ""
| #define PACKAGE_TARNAME ""
| #define PACKAGE_VERSION ""
| #define PACKAGE_STRING ""
| #define PACKAGE_BUGREPORT ""
| #define PACKAGE "spandsp"
| #define VERSION "0.0.5"
| #ifdef __cplusplus
| extern "C" void std::exit (int) throw (); using std::exit;
| #endif
| #define STDC_HEADERS 1
| #define HAVE_SYS_TYPES_H 1
| #define HAVE_SYS_STAT_H 1
| #define HAVE_STDLIB_H 1
| #define HAVE_STRING_H 1
| #define HAVE_MEMORY_H 1
| #define HAVE_STRINGS_H 1
| #define HAVE_INTTYPES_H 1
| #define HAVE_STDINT_H 1
| #define HAVE_UNISTD_H 1
| #define HAVE_DLFCN_H 1
| /* end confdefs.h.  */
| #include <ac_nonexistent.h>
configure:5474: checking for g77
configure:5503: result: no
configure:5474: checking for f77
configure:5503: result: no
configure:5474: checking for xlf
configure:5503: result: no
configure:5474: checking for frt
configure:5503: result: no
configure:5474: checking for pgf77
configure:5503: result: no
configure:5474: checking for fort77
configure:5503: result: no
configure:5474: checking for fl32
configure:5503: result: no
configure:5474: checking for af77
configure:5503: result: no
configure:5474: checking for f90
configure:5503: result: no
configure:5474: checking for xlf90
configure:5503: result: no
configure:5474: checking for pgf90
configure:5503: result: no
configure:5474: checking for epcf90
configure:5503: result: no
configure:5474: checking for f95
configure:5503: result: no
configure:5474: checking for fort
configure:5503: result: no
configure:5474: checking for xlf95
configure:5503: result: no
configure:5474: checking for ifc
configure:5503: result: no
configure:5474: checking for efc
configure:5503: result: no
configure:5474: checking for pgf95
configure:5503: result: no
configure:5474: checking for lf95
configure:5503: result: no
configure:5474: checking for gfortran
configure:5503: result: no
configure:5518: checking for Fortran 77 compiler version
configure:5518:  --version </dev/null >&5
./configure: line 1: --version: command not found
configure:5521: $? = 127
configure:5523:  -v </dev/null >&5
./configure: line 1: -v: command not found
configure:5526: $? = 127
configure:5528:  -V </dev/null >&5
./configure: line 1: -V: command not found
configure:5531: $? = 127
configure:5539: checking whether we are using the GNU Fortran 77 compiler
configure:5553:  -c  conftest.F >&5
./configure: line 1: -c: command not found
configure:5559: $? = 127
configure: failed program was:
|       program main
| #ifndef __GNUC__
|        choke me
| #endif
| 
|       end
configure:5585: result: no
configure:5591: checking whether  accepts -g
configure:5603:  -c -g conftest.f >&5
./configure: line 1: -c: command not found
configure:5609: $? = 127
configure: failed program was:
|       program main
| 
|       end
configure:5634: result: no
configure:5663: checking the maximum length of command line arguments
configure:5775: result: 98304
configure:5787: checking command to parse /usr/bin/nm -B output from gcc object
configure:5892: gcc -c   conftest.c >&5
configure:5895: $? = 0
configure:5899: /usr/bin/nm -B conftest.o \| sed -n -e 's/^.*[ 	]\([ABCDGIRSTW][ABCDGIRSTW]*\)[ 	][ 	]*\([_A-Za-z][_A-Za-z0-9]*\)$/\1 \2 \2/p' \> conftest.nm
configure:5902: $? = 0
configure:5954: gcc -o conftest    conftest.c conftstm.o >&5
configure:5957: $? = 0
configure:5995: result: ok
configure:5999: checking for objdir
configure:6014: result: .libs
configure:6104: checking for ar
configure:6120: found /usr/bin/ar
configure:6131: result: ar
configure:6184: checking for ranlib
configure:6200: found /usr/bin/ranlib
configure:6211: result: ranlib
configure:6264: checking for strip
configure:6280: found /usr/bin/strip
configure:6291: result: strip
configure:6846: checking if gcc supports -fno-rtti -fno-exceptions
configure:6867: gcc -c   -fno-rtti -fno-exceptions conftest.c >&5
cc1: warning: "-fno-rtti" is valid for C++ but not for C/ObjC
configure:6871: $? = 0
configure:6881: result: no
configure:6896: checking for gcc option to produce PIC
configure:7128: result: -fPIC
configure:7136: checking if gcc PIC flag -fPIC works
configure:7157: gcc -c   -fPIC -DPIC conftest.c >&5
configure:7161: $? = 0
configure:7171: result: yes
configure:7199: checking if gcc static flag -static works
configure:7227: result: yes
configure:7237: checking if gcc supports -c -o file.o
configure:7261: gcc -c   -o out/conftest2.o conftest.c >&5
configure:7265: $? = 0
configure:7284: result: yes
configure:7310: checking whether the gcc linker (/usr/bin/ld) supports shared libraries
configure:8294: result: yes
configure:8361: checking dynamic linker characteristics
configure:8965: result: GNU/Linux ld.so
configure:8989: checking how to hardcode library paths into programs
configure:9014: result: immediate
configure:9028: checking whether stripping libraries is possible
configure:9033: result: yes
configure:9868: checking if libtool supports shared libraries
configure:9870: result: yes
configure:9873: checking whether to build shared libraries
configure:9894: result: no
configure:9897: checking whether to build static libraries
configure:9901: result: yes
configure:9995: creating libtool
configure:10588: checking for ld used by g++
configure:10655: result: /usr/bin/ld
configure:10664: checking if the linker (/usr/bin/ld) is GNU ld
configure:10679: result: yes
configure:10730: checking whether the g++ linker (/usr/bin/ld) supports shared libraries
configure:11680: result: yes
configure:11697: g++ -c -g -O2  conftest.cpp >&5
configure:11700: $? = 0
configure:11856: checking for g++ option to produce PIC
configure:12140: result: -fPIC
configure:12148: checking if g++ PIC flag -fPIC works
configure:12169: g++ -c -g -O2  -fPIC -DPIC conftest.cpp >&5
configure:12173: $? = 0
configure:12183: result: yes
configure:12211: checking if g++ static flag -static works
configure:12239: result: yes
configure:12249: checking if g++ supports -c -o file.o
configure:12273: g++ -c -g -O2  -o out/conftest2.o conftest.cpp >&5
configure:12277: $? = 0
configure:12296: result: yes
configure:12322: checking whether the g++ linker (/usr/bin/ld) supports shared libraries
configure:12348: result: yes
configure:12415: checking dynamic linker characteristics
configure:12967: result: GNU/Linux ld.so
configure:12991: checking how to hardcode library paths into programs
configure:13016: result: immediate
configure:19259: checking for C compiler vendor
configure:19288: gcc -c   conftest.c >&5
conftest.c: In function `main':
conftest.c:31: error: `thisisanerror' undeclared (first use in this function)
conftest.c:31: error: (Each undeclared identifier is reported only once
conftest.c:31: error: for each function it appears in.)
configure:19294: $? = 1
configure: failed program was:
| /* confdefs.h.  */
| 
| #define PACKAGE_NAME ""
| #define PACKAGE_TARNAME ""
| #define PACKAGE_VERSION ""
| #define PACKAGE_STRING ""
| #define PACKAGE_BUGREPORT ""
| #define PACKAGE "spandsp"
| #define VERSION "0.0.5"
| #ifdef __cplusplus
| extern "C" void std::exit (int) throw (); using std::exit;
| #endif
| #define STDC_HEADERS 1
| #define HAVE_SYS_TYPES_H 1
| #define HAVE_SYS_STAT_H 1
| #define HAVE_STDLIB_H 1
| #define HAVE_STRING_H 1
| #define HAVE_MEMORY_H 1
| #define HAVE_STRINGS_H 1
| #define HAVE_INTTYPES_H 1
| #define HAVE_STDINT_H 1
| #define HAVE_UNISTD_H 1
| #define HAVE_DLFCN_H 1
| /* end confdefs.h.  */
| 
| int
| main ()
| {
| 
| #if !(defined(__ICC) || defined(__ECC) || defined(__INTEL_COMPILER))
|       thisisanerror;
| #endif
| 
|   ;
|   return 0;
| }
configure:19288: gcc -c   conftest.c >&5
conftest.c: In function `main':
conftest.c:31: error: `thisisanerror' undeclared (first use in this function)
conftest.c:31: error: (Each undeclared identifier is reported only once
conftest.c:31: error: for each function it appears in.)
configure:19294: $? = 1
configure: failed program was:
| /* confdefs.h.  */
| 
| #define PACKAGE_NAME ""
| #define PACKAGE_TARNAME ""
| #define PACKAGE_VERSION ""
| #define PACKAGE_STRING ""
| #define PACKAGE_BUGREPORT ""
| #define PACKAGE "spandsp"
| #define VERSION "0.0.5"
| #ifdef __cplusplus
| extern "C" void std::exit (int) throw (); using std::exit;
| #endif
| #define STDC_HEADERS 1
| #define HAVE_SYS_TYPES_H 1
| #define HAVE_SYS_STAT_H 1
| #define HAVE_STDLIB_H 1
| #define HAVE_STRING_H 1
| #define HAVE_MEMORY_H 1
| #define HAVE_STRINGS_H 1
| #define HAVE_INTTYPES_H 1
| #define HAVE_STDINT_H 1
| #define HAVE_UNISTD_H 1
| #define HAVE_DLFCN_H 1
| /* end confdefs.h.  */
| 
| int
| main ()
| {
| 
| #if !(defined(__xlc__) || defined(__xlC__) || defined(__IBMC__) || defined(__IBMCPP__))
|       thisisanerror;
| #endif
| 
|   ;
|   return 0;
| }
configure:19288: gcc -c   conftest.c >&5
conftest.c: In function `main':
conftest.c:31: error: `thisisanerror' undeclared (first use in this function)
conftest.c:31: error: (Each undeclared identifier is reported only once
conftest.c:31: error: for each function it appears in.)
configure:19294: $? = 1
configure: failed program was:
| /* confdefs.h.  */
| 
| #define PACKAGE_NAME ""
| #define PACKAGE_TARNAME ""
| #define PACKAGE_VERSION ""
| #define PACKAGE_STRING ""
| #define PACKAGE_BUGREPORT ""
| #define PACKAGE "spandsp"
| #define VERSION "0.0.5"
| #ifdef __cplusplus
| extern "C" void std::exit (int) throw (); using std::exit;
| #endif
| #define STDC_HEADERS 1
| #define HAVE_SYS_TYPES_H 1
| #define HAVE_SYS_STAT_H 1
| #define HAVE_STDLIB_H 1
| #define HAVE_STRING_H 1
| #define HAVE_MEMORY_H 1
| #define HAVE_STRINGS_H 1
| #define HAVE_INTTYPES_H 1
| #define HAVE_STDINT_H 1
| #define HAVE_UNISTD_H 1
| #define HAVE_DLFCN_H 1
| /* end confdefs.h.  */
| 
| int
| main ()
| {
| 
| #if !(defined(__PATHCC__) || defined(__PATHSCALE__))
|       thisisanerror;
| #endif
| 
|   ;
|   return 0;
| }
configure:19288: gcc -c   conftest.c >&5
configure:19294: $? = 0
configure:19298: test -z 
			 || test ! -s conftest.err
configure:19301: $? = 0
configure:19304: test -s conftest.o
configure:19307: $? = 0
configure:19319: result: gnu
configure:19390: checking for gcc
configure:19416: result: gcc
configure:19660: checking for C compiler version
configure:19663: gcc --version </dev/null >&5
gcc (GCC) 3.3.3 20040412 (Red Hat Linux 3.3.3-7)
Copyright (C) 2003 Free Software Foundation, Inc.
This is free software; see the source for copying conditions.  There is NO
warranty; not even for MERCHANTABILITY or FITNESS FOR A PARTICULAR PURPOSE.

configure:19666: $? = 0
configure:19668: gcc -v </dev/null >&5
Reading specs from /usr/lib/gcc-lib/i386-redhat-linux/3.3.3/specs
Configured with: ../configure --prefix=/usr --mandir=/usr/share/man --infodir=/usr/share/info --enable-shared --enable-threads=posix --disable-checking --disable-libunwind-exceptions --with-system-zlib --enable-__cxa_atexit --host=i386-redhat-linux
Thread model: posix
gcc version 3.3.3 20040412 (Red Hat Linux 3.3.3-7)
configure:19671: $? = 0
configure:19673: gcc -V </dev/null >&5
gcc: `-V' option must have argument
configure:19676: $? = 1
configure:19679: checking whether we are using the GNU C compiler
configure:19735: result: yes
configure:19741: checking whether gcc accepts -g
configure:19792: result: yes
configure:19809: checking for gcc option to accept ANSI C
configure:19916: result: none needed
configure:19934: gcc -c   conftest.c >&5
conftest.c:2: error: syntax error before "me"
configure:19940: $? = 1
configure: failed program was:
| #ifndef __cplusplus
|   choke me
| #endif
configure:20075: checking dependency style of gcc
configure:20165: result: gcc3
configure:20209: checking for an ANSI C-conforming const
configure:20276: gcc -c   conftest.c >&5
configure:20282: $? = 0
configure:20286: test -z 
			 || test ! -s conftest.err
configure:20289: $? = 0
configure:20292: test -s conftest.o
configure:20295: $? = 0
configure:20306: result: yes
configure:20316: checking for inline
configure:20337: gcc -c   conftest.c >&5
configure:20343: $? = 0
configure:20347: test -z 
			 || test ! -s conftest.err
configure:20350: $? = 0
configure:20353: test -s conftest.o
configure:20356: $? = 0
configure:20368: result: inline
configure:20387: checking for working volatile
configure:20410: gcc -c   conftest.c >&5
configure:20416: $? = 0
configure:20420: test -z 
			 || test ! -s conftest.err
configure:20423: $? = 0
configure:20426: test -s conftest.o
configure:20429: $? = 0
configure:20440: result: yes
configure:20451: checking for long long
configure:20475: gcc -c   conftest.c >&5
configure:20481: $? = 0
configure:20485: test -z 
			 || test ! -s conftest.err
configure:20488: $? = 0
configure:20491: test -s conftest.o
configure:20494: $? = 0
configure:20505: result: yes
configure:20516: checking for long double
configure:20540: gcc -c   conftest.c >&5
configure:20546: $? = 0
configure:20550: test -z 
			 || test ! -s conftest.err
configure:20553: $? = 0
configure:20556: test -s conftest.o
configure:20559: $? = 0
configure:20570: result: yes
configure:20582: checking return type of signal handlers
configure:20613: gcc -c   conftest.c >&5
configure:20619: $? = 0
configure:20623: test -z 
			 || test ! -s conftest.err
configure:20626: $? = 0
configure:20629: test -s conftest.o
configure:20632: $? = 0
configure:20643: result: void
configure:20683: checking for error_at_line
configure:20704: gcc -o conftest    conftest.c  >&5
configure:20710: $? = 0
configure:20714: test -z 
			 || test ! -s conftest.err
configure:20717: $? = 0
configure:20720: test -s conftest
configure:20723: $? = 0
configure:20735: result: yes
configure:20752: checking for vprintf
configure:20809: gcc -o conftest    conftest.c  >&5
conftest.c:52: warning: conflicting types for built-in function `vprintf'
configure:20815: $? = 0
configure:20819: test -z 
			 || test ! -s conftest.err
configure:20822: $? = 0
configure:20825: test -s conftest
configure:20828: $? = 0
configure:20840: result: yes
configure:20847: checking for _doprnt
configure:20904: gcc -o conftest    conftest.c  >&5
/tmp/ccNRIVYo.o(.text+0x16): In function `main':
: undefined reference to `_doprnt'
/tmp/ccNRIVYo.o(.data+0x0): undefined reference to `_doprnt'
collect2: ld returned 1 exit status
configure:20910: $? = 1
configure: failed program was:
| /* confdefs.h.  */
| 
| #define PACKAGE_NAME ""
| #define PACKAGE_TARNAME ""
| #define PACKAGE_VERSION ""
| #define PACKAGE_STRING ""
| #define PACKAGE_BUGREPORT ""
| #define PACKAGE "spandsp"
| #define VERSION "0.0.5"
| #ifdef __cplusplus
| extern "C" void std::exit (int) throw (); using std::exit;
| #endif
| #define STDC_HEADERS 1
| #define HAVE_SYS_TYPES_H 1
| #define HAVE_SYS_STAT_H 1
| #define HAVE_STDLIB_H 1
| #define HAVE_STRING_H 1
| #define HAVE_MEMORY_H 1
| #define HAVE_STRINGS_H 1
| #define HAVE_INTTYPES_H 1
| #define HAVE_STDINT_H 1
| #define HAVE_UNISTD_H 1
| #define HAVE_DLFCN_H 1
| #define HAVE_LONG_LONG 1
| #define HAVE_LONG_DOUBLE 1
| #define RETSIGTYPE void
| #define HAVE_VPRINTF 1
| /* end confdefs.h.  */
| /* Define _doprnt to an innocuous variant, in case <limits.h> declares _doprnt.
|    For example, HP-UX 11i <limits.h> declares gettimeofday.  */
| #define _doprnt innocuous__doprnt
| 
| /* System header to define __stub macros and hopefully few prototypes,
|     which can conflict with char _doprnt (); below.
|     Prefer <limits.h> to <assert.h> if __STDC__ is defined, since
|     <limits.h> exists even on freestanding compilers.  */
| 
| #ifdef __STDC__
| # include <limits.h>
| #else
| # include <assert.h>
| #endif
| 
| #undef _doprnt
| 
| /* Override any gcc2 internal prototype to avoid an error.  */
| #ifdef __cplusplus
| extern "C"
| {
| #endif
| /* We use char because int might match the return type of a gcc2
|    builtin and then its argument prototype would still apply.  */
| char _doprnt ();
| /* The GNU C library defines this for functions which it implements
|     to always fail with ENOSYS.  Some functions are actually named
|     something starting with __ and the normal name is an alias.  */
| #if defined (__stub__doprnt) || defined (__stub____doprnt)
| choke me
| #else
| char (*f) () = _doprnt;
| #endif
| #ifdef __cplusplus
| }
| #endif
| 
| int
| main ()
| {
| return f != _doprnt;
|   ;
|   return 0;
| }
configure:20935: result: no
configure:20954: checking for stdlib.h
configure:20959: result: yes
configure:21099: checking for GNU libc compatible malloc
configure:21128: gcc -o conftest    conftest.c  >&5
configure:21131: $? = 0
configure:21133: ./conftest
configure:21136: $? = 0
configure:21150: result: yes
configure:21180: checking for working memcmp
configure:21228: gcc -o conftest    conftest.c  >&5
configure:21231: $? = 0
configure:21233: ./conftest
configure:21236: $? = 0
configure:21250: result: yes
configure:21266: checking for stdlib.h
configure:21271: result: yes
configure:21411: checking for GNU libc compatible realloc
configure:21440: gcc -o conftest    conftest.c  >&5
configure:21443: $? = 0
configure:21445: ./conftest
configure:21448: $? = 0
configure:21462: result: yes
configure:21507: checking sys/select.h usability
configure:21519: gcc -c   conftest.c >&5
configure:21525: $? = 0
configure:21529: test -z 
			 || test ! -s conftest.err
configure:21532: $? = 0
configure:21535: test -s conftest.o
configure:21538: $? = 0
configure:21548: result: yes
configure:21552: checking sys/select.h presence
configure:21562: gcc -E  conftest.c
configure:21568: $? = 0
configure:21588: result: yes
configure:21623: checking for sys/select.h
configure:21630: result: yes
configure:21507: checking sys/socket.h usability
configure:21519: gcc -c   conftest.c >&5
configure:21525: $? = 0
configure:21529: test -z 
			 || test ! -s conftest.err
configure:21532: $? = 0
configure:21535: test -s conftest.o
configure:21538: $? = 0
configure:21548: result: yes
configure:21552: checking sys/socket.h presence
configure:21562: gcc -E  conftest.c
configure:21568: $? = 0
configure:21588: result: yes
configure:21623: checking for sys/socket.h
configure:21630: result: yes
configure:21643: checking types of arguments for select
configure:21676: gcc -c   conftest.c >&5
configure:21682: $? = 0
configure:21686: test -z 
			 || test ! -s conftest.err
configure:21689: $? = 0
configure:21692: test -s conftest.o
configure:21695: $? = 0
configure:21711: result: int,fd_set *,struct timeval *
configure:21735: checking for lrint
configure:21766: gcc -o conftest -lm   conftest.c  >&5
configure:21772: $? = 0
configure:21776: test -z 
			 || test ! -s conftest.err
configure:21779: $? = 0
configure:21782: test -s conftest
configure:21785: $? = 0
configure:21801: result: yes
configure:21812: checking for lrintf
configure:21843: gcc -o conftest -lm   conftest.c  >&5
configure:21849: $? = 0
configure:21853: test -z 
			 || test ! -s conftest.err
configure:21856: $? = 0
configure:21859: test -s conftest
configure:21862: $? = 0
configure:21878: result: yes
configure:21889: checking for llrint
configure:21920: gcc -o conftest -lm   conftest.c  >&5
configure:21926: $? = 0
configure:21930: test -z 
			 || test ! -s conftest.err
configure:21933: $? = 0
configure:21936: test -s conftest
configure:21939: $? = 0
configure:21955: result: yes
configure:21966: checking for llrintf
configure:21997: gcc -o conftest -lm   conftest.c  >&5
configure:22003: $? = 0
configure:22007: test -z 
			 || test ! -s conftest.err
configure:22010: $? = 0
configure:22013: test -s conftest
configure:22016: $? = 0
configure:22032: result: yes
configure:22053: checking C99 struct flexible array support
configure:22084: gcc -o conftest    conftest.c  >&5
configure:22090: $? = 0
configure:22094: test -z 
			 || test ! -s conftest.err
configure:22097: $? = 0
configure:22100: test -s conftest
configure:22103: $? = 0
configure:22116: result: yes
configure:22124: checking for memmove
configure:22181: gcc -o conftest    conftest.c  >&5
conftest.c:66: warning: conflicting types for built-in function `memmove'
configure:22187: $? = 0
configure:22191: test -z 
			 || test ! -s conftest.err
configure:22194: $? = 0
configure:22197: test -s conftest
configure:22200: $? = 0
configure:22212: result: yes
configure:22226: checking for memset
configure:22283: gcc -o conftest    conftest.c  >&5
conftest.c:67: warning: conflicting types for built-in function `memset'
configure:22289: $? = 0
configure:22293: test -z 
			 || test ! -s conftest.err
configure:22296: $? = 0
configure:22299: test -s conftest
configure:22302: $? = 0
configure:22314: result: yes
configure:22328: checking for select
configure:22385: gcc -o conftest    conftest.c  >&5
configure:22391: $? = 0
configure:22395: test -z 
			 || test ! -s conftest.err
configure:22398: $? = 0
configure:22401: test -s conftest
configure:22404: $? = 0
configure:22416: result: yes
configure:22430: checking for strcasecmp
configure:22487: gcc -o conftest    conftest.c  >&5
configure:22493: $? = 0
configure:22497: test -z 
			 || test ! -s conftest.err
configure:22500: $? = 0
configure:22503: test -s conftest
configure:22506: $? = 0
configure:22518: result: yes
configure:22532: checking for strchr
configure:22589: gcc -o conftest    conftest.c  >&5
conftest.c:70: warning: conflicting types for built-in function `strchr'
configure:22595: $? = 0
configure:22599: test -z 
			 || test ! -s conftest.err
configure:22602: $? = 0
configure:22605: test -s conftest
configure:22608: $? = 0
configure:22620: result: yes
configure:22634: checking for strdup
configure:22691: gcc -o conftest    conftest.c  >&5
configure:22697: $? = 0
configure:22701: test -z 
			 || test ! -s conftest.err
configure:22704: $? = 0
configure:22707: test -s conftest
configure:22710: $? = 0
configure:22722: result: yes
configure:22736: checking for strerror
configure:22793: gcc -o conftest    conftest.c  >&5
configure:22799: $? = 0
configure:22803: test -z 
			 || test ! -s conftest.err
configure:22806: $? = 0
configure:22809: test -s conftest
configure:22812: $? = 0
configure:22824: result: yes
configure:22838: checking for strstr
configure:22895: gcc -o conftest    conftest.c  >&5
conftest.c:73: warning: conflicting types for built-in function `strstr'
configure:22901: $? = 0
configure:22905: test -z 
			 || test ! -s conftest.err
configure:22908: $? = 0
configure:22911: test -s conftest
configure:22914: $? = 0
configure:22926: result: yes
configure:22940: checking for strtol
configure:22997: gcc -o conftest    conftest.c  >&5
configure:23003: $? = 0
configure:23007: test -z 
			 || test ! -s conftest.err
configure:23010: $? = 0
configure:23013: test -s conftest
configure:23016: $? = 0
configure:23028: result: yes
configure:23042: checking for gettimeofday
configure:23099: gcc -o conftest    conftest.c  >&5
configure:23105: $? = 0
configure:23109: test -z 
			 || test ! -s conftest.err
configure:23112: $? = 0
configure:23115: test -s conftest
configure:23118: $? = 0
configure:23130: result: yes
configure:23141: checking for ANSI C header files
configure:23294: result: yes
configure:23304: checking for sys/wait.h that is POSIX.1 compatible
configure:23335: gcc -c   conftest.c >&5
configure:23341: $? = 0
configure:23345: test -z 
			 || test ! -s conftest.err
configure:23348: $? = 0
configure:23351: test -s conftest.o
configure:23354: $? = 0
configure:23365: result: yes
configure:23375: checking whether time.h and sys/time.h may both be included
configure:23400: gcc -c   conftest.c >&5
configure:23406: $? = 0
configure:23410: test -z 
			 || test ! -s conftest.err
configure:23413: $? = 0
configure:23416: test -s conftest.o
configure:23419: $? = 0
configure:23430: result: yes
configure:23456: checking socket.h usability
configure:23468: gcc -c   conftest.c >&5
conftest.c:89:20: socket.h: No such file or directory
configure:23474: $? = 1
configure: failed program was:
| /* confdefs.h.  */
| 
| #define PACKAGE_NAME ""
| #define PACKAGE_TARNAME ""
| #define PACKAGE_VERSION ""
| #define PACKAGE_STRING ""
| #define PACKAGE_BUGREPORT ""
| #define PACKAGE "spandsp"
| #define VERSION "0.0.5"
| #ifdef __cplusplus
| extern "C" void std::exit (int) throw (); using std::exit;
| #endif
| #define STDC_HEADERS 1
| #define HAVE_SYS_TYPES_H 1
| #define HAVE_SYS_STAT_H 1
| #define HAVE_STDLIB_H 1
| #define HAVE_STRING_H 1
| #define HAVE_MEMORY_H 1
| #define HAVE_STRINGS_H 1
| #define HAVE_INTTYPES_H 1
| #define HAVE_STDINT_H 1
| #define HAVE_UNISTD_H 1
| #define HAVE_DLFCN_H 1
| #define HAVE_LONG_LONG 1
| #define HAVE_LONG_DOUBLE 1
| #define RETSIGTYPE void
| #define HAVE_VPRINTF 1
| #define HAVE_STDLIB_H 1
| #define HAVE_MALLOC 1
| #define HAVE_STDLIB_H 1
| #define HAVE_REALLOC 1
| #define HAVE_SYS_SELECT_H 1
| #define HAVE_SYS_SOCKET_H 1
| #define SELECT_TYPE_ARG1 int
| #define SELECT_TYPE_ARG234 (fd_set *)
| #define SELECT_TYPE_ARG5 (struct timeval *)
| #define HAVE_LRINT 1
| #define HAVE_LRINTF 1
| #define HAVE_LLRINT 1
| #define HAVE_LLRINTF 1
| #define HAVE_MEMMOVE 1
| #define HAVE_MEMSET 1
| #define HAVE_SELECT 1
| #define HAVE_STRCASECMP 1
| #define HAVE_STRCHR 1
| #define HAVE_STRDUP 1
| #define HAVE_STRERROR 1
| #define HAVE_STRSTR 1
| #define HAVE_STRTOL 1
| #define HAVE_GETTIMEOFDAY 1
| #define STDC_HEADERS 1
| #define HAVE_SYS_WAIT_H 1
| #define TIME_WITH_SYS_TIME 1
| /* end confdefs.h.  */
| #include <stdio.h>
| #if HAVE_SYS_TYPES_H
| # include <sys/types.h>
| #endif
| #if HAVE_SYS_STAT_H
| # include <sys/stat.h>
| #endif
| #if STDC_HEADERS
| # include <stdlib.h>
| # include <stddef.h>
| #else
| # if HAVE_STDLIB_H
| #  include <stdlib.h>
| # endif
| #endif
| #if HAVE_STRING_H
| # if !STDC_HEADERS && HAVE_MEMORY_H
| #  include <memory.h>
| # endif
| # include <string.h>
| #endif
| #if HAVE_STRINGS_H
| # include <strings.h>
| #endif
| #if HAVE_INTTYPES_H
| # include <inttypes.h>
| #else
| # if HAVE_STDINT_H
| #  include <stdint.h>
| # endif
| #endif
| #if HAVE_UNISTD_H
| # include <unistd.h>
| #endif
| #include <socket.h>
configure:23497: result: no
configure:23501: checking socket.h presence
configure:23511: gcc -E  conftest.c
conftest.c:55:20: socket.h: No such file or directory
configure:23517: $? = 1
configure: failed program was:
| /* confdefs.h.  */
| 
| #define PACKAGE_NAME ""
| #define PACKAGE_TARNAME ""
| #define PACKAGE_VERSION ""
| #define PACKAGE_STRING ""
| #define PACKAGE_BUGREPORT ""
| #define PACKAGE "spandsp"
| #define VERSION "0.0.5"
| #ifdef __cplusplus
| extern "C" void std::exit (int) throw (); using std::exit;
| #endif
| #define STDC_HEADERS 1
| #define HAVE_SYS_TYPES_H 1
| #define HAVE_SYS_STAT_H 1
| #define HAVE_STDLIB_H 1
| #define HAVE_STRING_H 1
| #define HAVE_MEMORY_H 1
| #define HAVE_STRINGS_H 1
| #define HAVE_INTTYPES_H 1
| #define HAVE_STDINT_H 1
| #define HAVE_UNISTD_H 1
| #define HAVE_DLFCN_H 1
| #define HAVE_LONG_LONG 1
| #define HAVE_LONG_DOUBLE 1
| #define RETSIGTYPE void
| #define HAVE_VPRINTF 1
| #define HAVE_STDLIB_H 1
| #define HAVE_MALLOC 1
| #define HAVE_STDLIB_H 1
| #define HAVE_REALLOC 1
| #define HAVE_SYS_SELECT_H 1
| #define HAVE_SYS_SOCKET_H 1
| #define SELECT_TYPE_ARG1 int
| #define SELECT_TYPE_ARG234 (fd_set *)
| #define SELECT_TYPE_ARG5 (struct timeval *)
| #define HAVE_LRINT 1
| #define HAVE_LRINTF 1
| #define HAVE_LLRINT 1
| #define HAVE_LLRINTF 1
| #define HAVE_MEMMOVE 1
| #define HAVE_MEMSET 1
| #define HAVE_SELECT 1
| #define HAVE_STRCASECMP 1
| #define HAVE_STRCHR 1
| #define HAVE_STRDUP 1
| #define HAVE_STRERROR 1
| #define HAVE_STRSTR 1
| #define HAVE_STRTOL 1
| #define HAVE_GETTIMEOFDAY 1
| #define STDC_HEADERS 1
| #define HAVE_SYS_WAIT_H 1
| #define TIME_WITH_SYS_TIME 1
| /* end confdefs.h.  */
| #include <socket.h>
configure:23537: result: no
configure:23572: checking for socket.h
configure:23579: result: no
configure:23597: checking for inttypes.h
configure:23602: result: yes
configure:23747: checking for stdint.h
configure:23752: result: yes
configure:23897: checking for unistd.h
configure:23902: result: yes
configure:24047: checking for stdlib.h
configure:24052: result: yes
configure:24197: checking for string.h
configure:24202: result: yes
configure:24347: checking for strings.h
configure:24352: result: yes
configure:24506: checking malloc.h usability
configure:24518: gcc -c   conftest.c >&5
configure:24524: $? = 0
configure:24528: test -z 
			 || test ! -s conftest.err
configure:24531: $? = 0
configure:24534: test -s conftest.o
configure:24537: $? = 0
configure:24547: result: yes
configure:24551: checking malloc.h presence
configure:24561: gcc -E  conftest.c
configure:24567: $? = 0
configure:24587: result: yes
configure:24622: checking for malloc.h
configure:24629: result: yes
configure:24656: checking tgmath.h usability
configure:24668: gcc -c   conftest.c >&5
configure:24674: $? = 0
configure:24678: test -z 
			 || test ! -s conftest.err
configure:24681: $? = 0
configure:24684: test -s conftest.o
configure:24687: $? = 0
configure:24697: result: yes
configure:24701: checking tgmath.h presence
configure:24711: gcc -E  conftest.c
configure:24717: $? = 0
configure:24737: result: yes
configure:24772: checking for tgmath.h
configure:24779: result: yes
configure:24806: checking math.h usability
configure:24818: gcc -c   conftest.c >&5
configure:24824: $? = 0
configure:24828: test -z 
			 || test ! -s conftest.err
configure:24831: $? = 0
configure:24834: test -s conftest.o
configure:24837: $? = 0
configure:24847: result: yes
configure:24851: checking math.h presence
configure:24861: gcc -E  conftest.c
configure:24867: $? = 0
configure:24887: result: yes
configure:24922: checking for math.h
configure:24929: result: yes
configure:24956: checking float.h usability
configure:24968: gcc -c   conftest.c >&5
configure:24974: $? = 0
configure:24978: test -z 
			 || test ! -s conftest.err
configure:24981: $? = 0
configure:24984: test -s conftest.o
configure:24987: $? = 0
configure:24997: result: yes
configure:25001: checking float.h presence
configure:25011: gcc -E  conftest.c
configure:25017: $? = 0
configure:25037: result: yes
configure:25072: checking for float.h
configure:25079: result: yes
configure:25106: checking fcntl.h usability
configure:25118: gcc -c   conftest.c >&5
configure:25124: $? = 0
configure:25128: test -z 
			 || test ! -s conftest.err
configure:25131: $? = 0
configure:25134: test -s conftest.o
configure:25137: $? = 0
configure:25147: result: yes
configure:25151: checking fcntl.h presence
configure:25161: gcc -E  conftest.c
configure:25167: $? = 0
configure:25187: result: yes
configure:25222: checking for fcntl.h
configure:25229: result: yes
configure:25256: checking sys/time.h usability
configure:25268: gcc -c   conftest.c >&5
configure:25274: $? = 0
configure:25278: test -z 
			 || test ! -s conftest.err
configure:25281: $? = 0
configure:25284: test -s conftest.o
configure:25287: $? = 0
configure:25297: result: yes
configure:25301: checking sys/time.h presence
configure:25311: gcc -E  conftest.c
configure:25317: $? = 0
configure:25337: result: yes
configure:25372: checking for sys/time.h
configure:25379: result: yes
configure:25397: checking for sys/select.h
configure:25402: result: yes
configure:25556: checking sys/ioctl.h usability
configure:25568: gcc -c   conftest.c >&5
configure:25574: $? = 0
configure:25578: test -z 
			 || test ! -s conftest.err
configure:25581: $? = 0
configure:25584: test -s conftest.o
configure:25587: $? = 0
configure:25597: result: yes
configure:25601: checking sys/ioctl.h presence
configure:25611: gcc -E  conftest.c
configure:25617: $? = 0
configure:25637: result: yes
configure:25672: checking for sys/ioctl.h
configure:25679: result: yes
configure:25706: checking sys/fcntl.h usability
configure:25718: gcc -c   conftest.c >&5
configure:25724: $? = 0
configure:25728: test -z 
			 || test ! -s conftest.err
configure:25731: $? = 0
configure:25734: test -s conftest.o
configure:25737: $? = 0
configure:25747: result: yes
configure:25751: checking sys/fcntl.h presence
configure:25761: gcc -E  conftest.c
configure:25767: $? = 0
configure:25787: result: yes
configure:25822: checking for sys/fcntl.h
configure:25829: result: yes
configure:25856: checking audiofile.h usability
configure:25868: gcc -c   conftest.c >&5
configure:25874: $? = 0
configure:25878: test -z 
			 || test ! -s conftest.err
configure:25881: $? = 0
configure:25884: test -s conftest.o
configure:25887: $? = 0
configure:25897: result: yes
configure:25901: checking audiofile.h presence
configure:25911: gcc -E  conftest.c
configure:25917: $? = 0
configure:25937: result: yes
configure:25972: checking for audiofile.h
configure:25979: result: yes
configure:26006: checking fftw3.h usability
configure:26018: gcc -c   conftest.c >&5
configure:26024: $? = 0
configure:26028: test -z 
			 || test ! -s conftest.err
configure:26031: $? = 0
configure:26034: test -s conftest.o
configure:26037: $? = 0
configure:26047: result: yes
configure:26051: checking fftw3.h presence
configure:26061: gcc -E  conftest.c
configure:26067: $? = 0
configure:26087: result: yes
configure:26122: checking for fftw3.h
configure:26129: result: yes
configure:26307: checking tiffio.h usability
configure:26319: gcc -c   conftest.c >&5
configure:26325: $? = 0
configure:26329: test -z 
			 || test ! -s conftest.err
configure:26332: $? = 0
configure:26335: test -s conftest.o
configure:26338: $? = 0
configure:26348: result: yes
configure:26352: checking tiffio.h presence
configure:26362: gcc -E  conftest.c
configure:26368: $? = 0
configure:26388: result: yes
configure:26423: checking for tiffio.h
configure:26430: result: yes
configure:26457: checking pthread.h usability
configure:26469: gcc -c   conftest.c >&5
configure:26475: $? = 0
configure:26479: test -z 
			 || test ! -s conftest.err
configure:26482: $? = 0
configure:26485: test -s conftest.o
configure:26488: $? = 0
configure:26498: result: yes
configure:26502: checking pthread.h presence
configure:26512: gcc -E  conftest.c
configure:26518: $? = 0
configure:26538: result: yes
configure:26573: checking for pthread.h
configure:26580: result: yes
configure:26607: checking unicall.h usability
configure:26619: gcc -c   conftest.c >&5
conftest.c:108:21: unicall.h: No such file or directory
configure:26625: $? = 1
configure: failed program was:
| /* confdefs.h.  */
| 
| #define PACKAGE_NAME ""
| #define PACKAGE_TARNAME ""
| #define PACKAGE_VERSION ""
| #define PACKAGE_STRING ""
| #define PACKAGE_BUGREPORT ""
| #define PACKAGE "spandsp"
| #define VERSION "0.0.5"
| #ifdef __cplusplus
| extern "C" void std::exit (int) throw (); using std::exit;
| #endif
| #define STDC_HEADERS 1
| #define HAVE_SYS_TYPES_H 1
| #define HAVE_SYS_STAT_H 1
| #define HAVE_STDLIB_H 1
| #define HAVE_STRING_H 1
| #define HAVE_MEMORY_H 1
| #define HAVE_STRINGS_H 1
| #define HAVE_INTTYPES_H 1
| #define HAVE_STDINT_H 1
| #define HAVE_UNISTD_H 1
| #define HAVE_DLFCN_H 1
| #define HAVE_LONG_LONG 1
| #define HAVE_LONG_DOUBLE 1
| #define RETSIGTYPE void
| #define HAVE_VPRINTF 1
| #define HAVE_STDLIB_H 1
| #define HAVE_MALLOC 1
| #define HAVE_STDLIB_H 1
| #define HAVE_REALLOC 1
| #define HAVE_SYS_SELECT_H 1
| #define HAVE_SYS_SOCKET_H 1
| #define SELECT_TYPE_ARG1 int
| #define SELECT_TYPE_ARG234 (fd_set *)
| #define SELECT_TYPE_ARG5 (struct timeval *)
| #define HAVE_LRINT 1
| #define HAVE_LRINTF 1
| #define HAVE_LLRINT 1
| #define HAVE_LLRINTF 1
| #define HAVE_MEMMOVE 1
| #define HAVE_MEMSET 1
| #define HAVE_SELECT 1
| #define HAVE_STRCASECMP 1
| #define HAVE_STRCHR 1
| #define HAVE_STRDUP 1
| #define HAVE_STRERROR 1
| #define HAVE_STRSTR 1
| #define HAVE_STRTOL 1
| #define HAVE_GETTIMEOFDAY 1
| #define STDC_HEADERS 1
| #define HAVE_SYS_WAIT_H 1
| #define TIME_WITH_SYS_TIME 1
| #define HAVE_INTTYPES_H 1
| #define HAVE_STDINT_H 1
| #define HAVE_UNISTD_H 1
| #define HAVE_STDLIB_H 1
| #define HAVE_STRING_H 1
| #define HAVE_STRINGS_H 1
| #define HAVE_MALLOC_H 1
| #define HAVE_TGMATH_H 1
| #define HAVE_MATH_H 1
| #define HAVE_FLOAT_H 1
| #define HAVE_FCNTL_H 1
| #define HAVE_SYS_TIME_H 1
| #define HAVE_SYS_SELECT_H 1
| #define HAVE_SYS_IOCTL_H 1
| #define HAVE_SYS_FCNTL_H 1
| #define HAVE_AUDIOFILE_H 1
| #define HAVE_FFTW3_H 1
| #define HAVE_TIFFIO_H 1
| #define HAVE_PTHREAD_H 1
| /* end confdefs.h.  */
| #include <stdio.h>
| #if HAVE_SYS_TYPES_H
| # include <sys/types.h>
| #endif
| #if HAVE_SYS_STAT_H
| # include <sys/stat.h>
| #endif
| #if STDC_HEADERS
| # include <stdlib.h>
| # include <stddef.h>
| #else
| # if HAVE_STDLIB_H
| #  include <stdlib.h>
| # endif
| #endif
| #if HAVE_STRING_H
| # if !STDC_HEADERS && HAVE_MEMORY_H
| #  include <memory.h>
| # endif
| # include <string.h>
| #endif
| #if HAVE_STRINGS_H
| # include <strings.h>
| #endif
| #if HAVE_INTTYPES_H
| # include <inttypes.h>
| #else
| # if HAVE_STDINT_H
| #  include <stdint.h>
| # endif
| #endif
| #if HAVE_UNISTD_H
| # include <unistd.h>
| #endif
| #include <unicall.h>
configure:26648: result: no
configure:26652: checking unicall.h presence
configure:26662: gcc -E  conftest.c
conftest.c:74:21: unicall.h: No such file or directory
configure:26668: $? = 1
configure: failed program was:
| /* confdefs.h.  */
| 
| #define PACKAGE_NAME ""
| #define PACKAGE_TARNAME ""
| #define PACKAGE_VERSION ""
| #define PACKAGE_STRING ""
| #define PACKAGE_BUGREPORT ""
| #define PACKAGE "spandsp"
| #define VERSION "0.0.5"
| #ifdef __cplusplus
| extern "C" void std::exit (int) throw (); using std::exit;
| #endif
| #define STDC_HEADERS 1
| #define HAVE_SYS_TYPES_H 1
| #define HAVE_SYS_STAT_H 1
| #define HAVE_STDLIB_H 1
| #define HAVE_STRING_H 1
| #define HAVE_MEMORY_H 1
| #define HAVE_STRINGS_H 1
| #define HAVE_INTTYPES_H 1
| #define HAVE_STDINT_H 1
| #define HAVE_UNISTD_H 1
| #define HAVE_DLFCN_H 1
| #define HAVE_LONG_LONG 1
| #define HAVE_LONG_DOUBLE 1
| #define RETSIGTYPE void
| #define HAVE_VPRINTF 1
| #define HAVE_STDLIB_H 1
| #define HAVE_MALLOC 1
| #define HAVE_STDLIB_H 1
| #define HAVE_REALLOC 1
| #define HAVE_SYS_SELECT_H 1
| #define HAVE_SYS_SOCKET_H 1
| #define SELECT_TYPE_ARG1 int
| #define SELECT_TYPE_ARG234 (fd_set *)
| #define SELECT_TYPE_ARG5 (struct timeval *)
| #define HAVE_LRINT 1
| #define HAVE_LRINTF 1
| #define HAVE_LLRINT 1
| #define HAVE_LLRINTF 1
| #define HAVE_MEMMOVE 1
| #define HAVE_MEMSET 1
| #define HAVE_SELECT 1
| #define HAVE_STRCASECMP 1
| #define HAVE_STRCHR 1
| #define HAVE_STRDUP 1
| #define HAVE_STRERROR 1
| #define HAVE_STRSTR 1
| #define HAVE_STRTOL 1
| #define HAVE_GETTIMEOFDAY 1
| #define STDC_HEADERS 1
| #define HAVE_SYS_WAIT_H 1
| #define TIME_WITH_SYS_TIME 1
| #define HAVE_INTTYPES_H 1
| #define HAVE_STDINT_H 1
| #define HAVE_UNISTD_H 1
| #define HAVE_STDLIB_H 1
| #define HAVE_STRING_H 1
| #define HAVE_STRINGS_H 1
| #define HAVE_MALLOC_H 1
| #define HAVE_TGMATH_H 1
| #define HAVE_MATH_H 1
| #define HAVE_FLOAT_H 1
| #define HAVE_FCNTL_H 1
| #define HAVE_SYS_TIME_H 1
| #define HAVE_SYS_SELECT_H 1
| #define HAVE_SYS_IOCTL_H 1
| #define HAVE_SYS_FCNTL_H 1
| #define HAVE_AUDIOFILE_H 1
| #define HAVE_FFTW3_H 1
| #define HAVE_TIFFIO_H 1
| #define HAVE_PTHREAD_H 1
| /* end confdefs.h.  */
| #include <unicall.h>
configure:26688: result: no
configure:26723: checking for unicall.h
configure:26730: result: no
configure:26759: checking X11/X.h usability
configure:26771: gcc -c   conftest.c >&5
configure:26777: $? = 0
configure:26781: test -z 
			 || test ! -s conftest.err
configure:26784: $? = 0
configure:26787: test -s conftest.o
configure:26790: $? = 0
configure:26800: result: yes
configure:26804: checking X11/X.h presence
configure:26814: gcc -E  conftest.c
configure:26820: $? = 0
configure:26840: result: yes
configure:26875: checking for X11/X.h
configure:26882: result: yes
configure:26898: checking for libxml/xmlmemory.h
configure:26918: gcc -c   conftest.c >&5
conftest.c:75:30: libxml/xmlmemory.h: No such file or directory
configure:26924: $? = 1
configure: failed program was:
| /* confdefs.h.  */
| 
| #define PACKAGE_NAME ""
| #define PACKAGE_TARNAME ""
| #define PACKAGE_VERSION ""
| #define PACKAGE_STRING ""
| #define PACKAGE_BUGREPORT ""
| #define PACKAGE "spandsp"
| #define VERSION "0.0.5"
| #ifdef __cplusplus
| extern "C" void std::exit (int) throw (); using std::exit;
| #endif
| #define STDC_HEADERS 1
| #define HAVE_SYS_TYPES_H 1
| #define HAVE_SYS_STAT_H 1
| #define HAVE_STDLIB_H 1
| #define HAVE_STRING_H 1
| #define HAVE_MEMORY_H 1
| #define HAVE_STRINGS_H 1
| #define HAVE_INTTYPES_H 1
| #define HAVE_STDINT_H 1
| #define HAVE_UNISTD_H 1
| #define HAVE_DLFCN_H 1
| #define HAVE_LONG_LONG 1
| #define HAVE_LONG_DOUBLE 1
| #define RETSIGTYPE void
| #define HAVE_VPRINTF 1
| #define HAVE_STDLIB_H 1
| #define HAVE_MALLOC 1
| #define HAVE_STDLIB_H 1
| #define HAVE_REALLOC 1
| #define HAVE_SYS_SELECT_H 1
| #define HAVE_SYS_SOCKET_H 1
| #define SELECT_TYPE_ARG1 int
| #define SELECT_TYPE_ARG234 (fd_set *)
| #define SELECT_TYPE_ARG5 (struct timeval *)
| #define HAVE_LRINT 1
| #define HAVE_LRINTF 1
| #define HAVE_LLRINT 1
| #define HAVE_LLRINTF 1
| #define HAVE_MEMMOVE 1
| #define HAVE_MEMSET 1
| #define HAVE_SELECT 1
| #define HAVE_STRCASECMP 1
| #define HAVE_STRCHR 1
| #define HAVE_STRDUP 1
| #define HAVE_STRERROR 1
| #define HAVE_STRSTR 1
| #define HAVE_STRTOL 1
| #define HAVE_GETTIMEOFDAY 1
| #define STDC_HEADERS 1
| #define HAVE_SYS_WAIT_H 1
| #define TIME_WITH_SYS_TIME 1
| #define HAVE_INTTYPES_H 1
| #define HAVE_STDINT_H 1
| #define HAVE_UNISTD_H 1
| #define HAVE_STDLIB_H 1
| #define HAVE_STRING_H 1
| #define HAVE_STRINGS_H 1
| #define HAVE_MALLOC_H 1
| #define HAVE_TGMATH_H 1
| #define HAVE_MATH_H 1
| #define HAVE_FLOAT_H 1
| #define HAVE_FCNTL_H 1
| #define HAVE_SYS_TIME_H 1
| #define HAVE_SYS_SELECT_H 1
| #define HAVE_SYS_IOCTL_H 1
| #define HAVE_SYS_FCNTL_H 1
| #define HAVE_AUDIOFILE_H 1
| #define HAVE_FFTW3_H 1
| #define HAVE_TIFFIO_H 1
| #define HAVE_PTHREAD_H 1
| #define HAVE_X11_X_H 1
| /* end confdefs.h.  */
| #include <libxml/xmlmemory.h>
| int
| main ()
| {
| int a = 1;
|   ;
|   return 0;
| }
configure:26970: gcc -c   -I/usr/include conftest.c >&5
conftest.c:75:30: libxml/xmlmemory.h: No such file or directory
configure:26976: $? = 1
configure: failed program was:
| /* confdefs.h.  */
| 
| #define PACKAGE_NAME ""
| #define PACKAGE_TARNAME ""
| #define PACKAGE_VERSION ""
| #define PACKAGE_STRING ""
| #define PACKAGE_BUGREPORT ""
| #define PACKAGE "spandsp"
| #define VERSION "0.0.5"
| #ifdef __cplusplus
| extern "C" void std::exit (int) throw (); using std::exit;
| #endif
| #define STDC_HEADERS 1
| #define HAVE_SYS_TYPES_H 1
| #define HAVE_SYS_STAT_H 1
| #define HAVE_STDLIB_H 1
| #define HAVE_STRING_H 1
| #define HAVE_MEMORY_H 1
| #define HAVE_STRINGS_H 1
| #define HAVE_INTTYPES_H 1
| #define HAVE_STDINT_H 1
| #define HAVE_UNISTD_H 1
| #define HAVE_DLFCN_H 1
| #define HAVE_LONG_LONG 1
| #define HAVE_LONG_DOUBLE 1
| #define RETSIGTYPE void
| #define HAVE_VPRINTF 1
| #define HAVE_STDLIB_H 1
| #define HAVE_MALLOC 1
| #define HAVE_STDLIB_H 1
| #define HAVE_REALLOC 1
| #define HAVE_SYS_SELECT_H 1
| #define HAVE_SYS_SOCKET_H 1
| #define SELECT_TYPE_ARG1 int
| #define SELECT_TYPE_ARG234 (fd_set *)
| #define SELECT_TYPE_ARG5 (struct timeval *)
| #define HAVE_LRINT 1
| #define HAVE_LRINTF 1
| #define HAVE_LLRINT 1
| #define HAVE_LLRINTF 1
| #define HAVE_MEMMOVE 1
| #define HAVE_MEMSET 1
| #define HAVE_SELECT 1
| #define HAVE_STRCASECMP 1
| #define HAVE_STRCHR 1
| #define HAVE_STRDUP 1
| #define HAVE_STRERROR 1
| #define HAVE_STRSTR 1
| #define HAVE_STRTOL 1
| #define HAVE_GETTIMEOFDAY 1
| #define STDC_HEADERS 1
| #define HAVE_SYS_WAIT_H 1
| #define TIME_WITH_SYS_TIME 1
| #define HAVE_INTTYPES_H 1
| #define HAVE_STDINT_H 1
| #define HAVE_UNISTD_H 1
| #define HAVE_STDLIB_H 1
| #define HAVE_STRING_H 1
| #define HAVE_STRINGS_H 1
| #define HAVE_MALLOC_H 1
| #define HAVE_TGMATH_H 1
| #define HAVE_MATH_H 1
| #define HAVE_FLOAT_H 1
| #define HAVE_FCNTL_H 1
| #define HAVE_SYS_TIME_H 1
| #define HAVE_SYS_SELECT_H 1
| #define HAVE_SYS_IOCTL_H 1
| #define HAVE_SYS_FCNTL_H 1
| #define HAVE_AUDIOFILE_H 1
| #define HAVE_FFTW3_H 1
| #define HAVE_TIFFIO_H 1
| #define HAVE_PTHREAD_H 1
| #define HAVE_X11_X_H 1
| /* end confdefs.h.  */
| #include <libxml/xmlmemory.h>
| int
| main ()
| {
| int a = 1;
|   ;
|   return 0;
| }
configure:26970: gcc -c   -I/usr/local/include conftest.c >&5
conftest.c:75:30: libxml/xmlmemory.h: No such file or directory
configure:26976: $? = 1
configure: failed program was:
| /* confdefs.h.  */
| 
| #define PACKAGE_NAME ""
| #define PACKAGE_TARNAME ""
| #define PACKAGE_VERSION ""
| #define PACKAGE_STRING ""
| #define PACKAGE_BUGREPORT ""
| #define PACKAGE "spandsp"
| #define VERSION "0.0.5"
| #ifdef __cplusplus
| extern "C" void std::exit (int) throw (); using std::exit;
| #endif
| #define STDC_HEADERS 1
| #define HAVE_SYS_TYPES_H 1
| #define HAVE_SYS_STAT_H 1
| #define HAVE_STDLIB_H 1
| #define HAVE_STRING_H 1
| #define HAVE_MEMORY_H 1
| #define HAVE_STRINGS_H 1
| #define HAVE_INTTYPES_H 1
| #define HAVE_STDINT_H 1
| #define HAVE_UNISTD_H 1
| #define HAVE_DLFCN_H 1
| #define HAVE_LONG_LONG 1
| #define HAVE_LONG_DOUBLE 1
| #define RETSIGTYPE void
| #define HAVE_VPRINTF 1
| #define HAVE_STDLIB_H 1
| #define HAVE_MALLOC 1
| #define HAVE_STDLIB_H 1
| #define HAVE_REALLOC 1
| #define HAVE_SYS_SELECT_H 1
| #define HAVE_SYS_SOCKET_H 1
| #define SELECT_TYPE_ARG1 int
| #define SELECT_TYPE_ARG234 (fd_set *)
| #define SELECT_TYPE_ARG5 (struct timeval *)
| #define HAVE_LRINT 1
| #define HAVE_LRINTF 1
| #define HAVE_LLRINT 1
| #define HAVE_LLRINTF 1
| #define HAVE_MEMMOVE 1
| #define HAVE_MEMSET 1
| #define HAVE_SELECT 1
| #define HAVE_STRCASECMP 1
| #define HAVE_STRCHR 1
| #define HAVE_STRDUP 1
| #define HAVE_STRERROR 1
| #define HAVE_STRSTR 1
| #define HAVE_STRTOL 1
| #define HAVE_GETTIMEOFDAY 1
| #define STDC_HEADERS 1
| #define HAVE_SYS_WAIT_H 1
| #define TIME_WITH_SYS_TIME 1
| #define HAVE_INTTYPES_H 1
| #define HAVE_STDINT_H 1
| #define HAVE_UNISTD_H 1
| #define HAVE_STDLIB_H 1
| #define HAVE_STRING_H 1
| #define HAVE_STRINGS_H 1
| #define HAVE_MALLOC_H 1
| #define HAVE_TGMATH_H 1
| #define HAVE_MATH_H 1
| #define HAVE_FLOAT_H 1
| #define HAVE_FCNTL_H 1
| #define HAVE_SYS_TIME_H 1
| #define HAVE_SYS_SELECT_H 1
| #define HAVE_SYS_IOCTL_H 1
| #define HAVE_SYS_FCNTL_H 1
| #define HAVE_AUDIOFILE_H 1
| #define HAVE_FFTW3_H 1
| #define HAVE_TIFFIO_H 1
| #define HAVE_PTHREAD_H 1
| #define HAVE_X11_X_H 1
| /* end confdefs.h.  */
| #include <libxml/xmlmemory.h>
| int
| main ()
| {
| int a = 1;
|   ;
|   return 0;
| }
configure:26970: gcc -c   -I/usr/include/libxml2 conftest.c >&5
configure:26976: $? = 0
configure:26980: test -z 
			 || test ! -s conftest.err
configure:26983: $? = 0
configure:26986: test -s conftest.o
configure:26989: $? = 0
configure:27021: checking libxml/xmlmemory.h usability
configure:27033: gcc -c   -I/usr/include/libxml2 conftest.c >&5
configure:27039: $? = 0
configure:27043: test -z 
			 || test ! -s conftest.err
configure:27046: $? = 0
configure:27049: test -s conftest.o
configure:27052: $? = 0
configure:27062: result: yes
configure:27066: checking libxml/xmlmemory.h presence
configure:27076: gcc -E  -I/usr/include/libxml2 conftest.c
configure:27082: $? = 0
configure:27102: result: yes
configure:27137: checking for libxml/xmlmemory.h
configure:27144: result: yes
configure:27171: checking libxml/parser.h usability
configure:27183: gcc -c   -I/usr/include/libxml2 conftest.c >&5
configure:27189: $? = 0
configure:27193: test -z 
			 || test ! -s conftest.err
configure:27196: $? = 0
configure:27199: test -s conftest.o
configure:27202: $? = 0
configure:27212: result: yes
configure:27216: checking libxml/parser.h presence
configure:27226: gcc -E  -I/usr/include/libxml2 conftest.c
configure:27232: $? = 0
configure:27252: result: yes
configure:27287: checking for libxml/parser.h
configure:27294: result: yes
configure:27321: checking libxml/xinclude.h usability
configure:27333: gcc -c   -I/usr/include/libxml2 conftest.c >&5
configure:27339: $? = 0
configure:27343: test -z 
			 || test ! -s conftest.err
configure:27346: $? = 0
configure:27349: test -s conftest.o
configure:27352: $? = 0
configure:27362: result: yes
configure:27366: checking libxml/xinclude.h presence
configure:27376: gcc -E  -I/usr/include/libxml2 conftest.c
configure:27382: $? = 0
configure:27402: result: yes
configure:27437: checking for libxml/xinclude.h
configure:27444: result: yes
configure:27479: checking FL/Fl.H usability
configure:27491: g++ -c -g -O2  -I/usr/include/libxml2 conftest.cc >&5
configure:27497: $? = 0
configure:27501: test -z 
			 || test ! -s conftest.err
configure:27504: $? = 0
configure:27507: test -s conftest.o
configure:27510: $? = 0
configure:27520: result: yes
configure:27524: checking FL/Fl.H presence
configure:27534: g++ -E  -I/usr/include/libxml2 conftest.cc
configure:27540: $? = 0
configure:27560: result: yes
configure:27595: checking for FL/Fl.H
configure:27602: result: yes
configure:27629: checking FL/Fl_Overlay_Window.H usability
configure:27641: g++ -c -g -O2  -I/usr/include/libxml2 conftest.cc >&5
configure:27647: $? = 0
configure:27651: test -z 
			 || test ! -s conftest.err
configure:27654: $? = 0
configure:27657: test -s conftest.o
configure:27660: $? = 0
configure:27670: result: yes
configure:27674: checking FL/Fl_Overlay_Window.H presence
configure:27684: g++ -E  -I/usr/include/libxml2 conftest.cc
configure:27690: $? = 0
configure:27710: result: yes
configure:27745: checking for FL/Fl_Overlay_Window.H
configure:27752: result: yes
configure:27779: checking FL/Fl_Light_Button.H usability
configure:27791: g++ -c -g -O2  -I/usr/include/libxml2 conftest.cc >&5
configure:27797: $? = 0
configure:27801: test -z 
			 || test ! -s conftest.err
configure:27804: $? = 0
configure:27807: test -s conftest.o
configure:27810: $? = 0
configure:27820: result: yes
configure:27824: checking FL/Fl_Light_Button.H presence
configure:27834: g++ -E  -I/usr/include/libxml2 conftest.cc
configure:27840: $? = 0
configure:27860: result: yes
configure:27895: checking for FL/Fl_Light_Button.H
configure:27902: result: yes
configure:27929: checking FL/fl_draw.H usability
configure:27941: g++ -c -g -O2  -I/usr/include/libxml2 conftest.cc >&5
configure:27947: $? = 0
configure:27951: test -z 
			 || test ! -s conftest.err
configure:27954: $? = 0
configure:27957: test -s conftest.o
configure:27960: $? = 0
configure:27970: result: yes
configure:27974: checking FL/fl_draw.H presence
configure:27984: g++ -E  -I/usr/include/libxml2 conftest.cc
configure:27990: $? = 0
configure:28010: result: yes
configure:28045: checking for FL/fl_draw.H
configure:28052: result: yes
configure:28079: checking FL/Fl_Cartesian.H usability
configure:28091: g++ -c -g -O2  -I/usr/include/libxml2 conftest.cc >&5
configure:28097: $? = 0
configure:28101: test -z 
			 || test ! -s conftest.err
configure:28104: $? = 0
configure:28107: test -s conftest.o
configure:28110: $? = 0
configure:28120: result: yes
configure:28124: checking FL/Fl_Cartesian.H presence
configure:28134: g++ -E  -I/usr/include/libxml2 conftest.cc
configure:28140: $? = 0
configure:28160: result: yes
configure:28195: checking for FL/Fl_Cartesian.H
configure:28202: result: yes
configure:28229: checking FL/Fl_Audio_Meter.H usability
configure:28241: g++ -c -g -O2  -I/usr/include/libxml2 conftest.cc >&5
conftest.cc:117:31: FL/Fl_Audio_Meter.H: No such file or directory
configure:28247: $? = 1
configure: failed program was:
| /* confdefs.h.  */
| 
| #define PACKAGE_NAME ""
| #define PACKAGE_TARNAME ""
| #define PACKAGE_VERSION ""
| #define PACKAGE_STRING ""
| #define PACKAGE_BUGREPORT ""
| #define PACKAGE "spandsp"
| #define VERSION "0.0.5"
| #ifdef __cplusplus
| extern "C" void std::exit (int) throw (); using std::exit;
| #endif
| #define STDC_HEADERS 1
| #define HAVE_SYS_TYPES_H 1
| #define HAVE_SYS_STAT_H 1
| #define HAVE_STDLIB_H 1
| #define HAVE_STRING_H 1
| #define HAVE_MEMORY_H 1
| #define HAVE_STRINGS_H 1
| #define HAVE_INTTYPES_H 1
| #define HAVE_STDINT_H 1
| #define HAVE_UNISTD_H 1
| #define HAVE_DLFCN_H 1
| #define HAVE_LONG_LONG 1
| #define HAVE_LONG_DOUBLE 1
| #define RETSIGTYPE void
| #define HAVE_VPRINTF 1
| #define HAVE_STDLIB_H 1
| #define HAVE_MALLOC 1
| #define HAVE_STDLIB_H 1
| #define HAVE_REALLOC 1
| #define HAVE_SYS_SELECT_H 1
| #define HAVE_SYS_SOCKET_H 1
| #define SELECT_TYPE_ARG1 int
| #define SELECT_TYPE_ARG234 (fd_set *)
| #define SELECT_TYPE_ARG5 (struct timeval *)
| #define HAVE_LRINT 1
| #define HAVE_LRINTF 1
| #define HAVE_LLRINT 1
| #define HAVE_LLRINTF 1
| #define HAVE_MEMMOVE 1
| #define HAVE_MEMSET 1
| #define HAVE_SELECT 1
| #define HAVE_STRCASECMP 1
| #define HAVE_STRCHR 1
| #define HAVE_STRDUP 1
| #define HAVE_STRERROR 1
| #define HAVE_STRSTR 1
| #define HAVE_STRTOL 1
| #define HAVE_GETTIMEOFDAY 1
| #define STDC_HEADERS 1
| #define HAVE_SYS_WAIT_H 1
| #define TIME_WITH_SYS_TIME 1
| #define HAVE_INTTYPES_H 1
| #define HAVE_STDINT_H 1
| #define HAVE_UNISTD_H 1
| #define HAVE_STDLIB_H 1
| #define HAVE_STRING_H 1
| #define HAVE_STRINGS_H 1
| #define HAVE_MALLOC_H 1
| #define HAVE_TGMATH_H 1
| #define HAVE_MATH_H 1
| #define HAVE_FLOAT_H 1
| #define HAVE_FCNTL_H 1
| #define HAVE_SYS_TIME_H 1
| #define HAVE_SYS_SELECT_H 1
| #define HAVE_SYS_IOCTL_H 1
| #define HAVE_SYS_FCNTL_H 1
| #define HAVE_AUDIOFILE_H 1
| #define HAVE_FFTW3_H 1
| #define HAVE_TIFFIO_H 1
| #define HAVE_PTHREAD_H 1
| #define HAVE_X11_X_H 1
| #define HAVE_LIBXML_XMLMEMORY_H 1
| #define HAVE_LIBXML_PARSER_H 1
| #define HAVE_LIBXML_XINCLUDE_H 1
| #define HAVE_FL_FL_H 1
| #define HAVE_FL_FL_OVERLAY_WINDOW_H 1
| #define HAVE_FL_FL_LIGHT_BUTTON_H 1
| #define HAVE_FL_FL_DRAW_H 1
| #define HAVE_FL_FL_CARTESIAN_H 1
| /* end confdefs.h.  */
| #include <stdio.h>
| #if HAVE_SYS_TYPES_H
| # include <sys/types.h>
| #endif
| #if HAVE_SYS_STAT_H
| # include <sys/stat.h>
| #endif
| #if STDC_HEADERS
| # include <stdlib.h>
| # include <stddef.h>
| #else
| # if HAVE_STDLIB_H
| #  include <stdlib.h>
| # endif
| #endif
| #if HAVE_STRING_H
| # if !STDC_HEADERS && HAVE_MEMORY_H
| #  include <memory.h>
| # endif
| # include <string.h>
| #endif
| #if HAVE_STRINGS_H
| # include <strings.h>
| #endif
| #if HAVE_INTTYPES_H
| # include <inttypes.h>
| #else
| # if HAVE_STDINT_H
| #  include <stdint.h>
| # endif
| #endif
| #if HAVE_UNISTD_H
| # include <unistd.h>
| #endif
| #include <FL/Fl_Audio_Meter.H>
configure:28270: result: no
configure:28274: checking FL/Fl_Audio_Meter.H presence
configure:28284: g++ -E  -I/usr/include/libxml2 conftest.cc
conftest.cc:83:31: FL/Fl_Audio_Meter.H: No such file or directory
configure:28290: $? = 1
configure: failed program was:
| /* confdefs.h.  */
| 
| #define PACKAGE_NAME ""
| #define PACKAGE_TARNAME ""
| #define PACKAGE_VERSION ""
| #define PACKAGE_STRING ""
| #define PACKAGE_BUGREPORT ""
| #define PACKAGE "spandsp"
| #define VERSION "0.0.5"
| #ifdef __cplusplus
| extern "C" void std::exit (int) throw (); using std::exit;
| #endif
| #define STDC_HEADERS 1
| #define HAVE_SYS_TYPES_H 1
| #define HAVE_SYS_STAT_H 1
| #define HAVE_STDLIB_H 1
| #define HAVE_STRING_H 1
| #define HAVE_MEMORY_H 1
| #define HAVE_STRINGS_H 1
| #define HAVE_INTTYPES_H 1
| #define HAVE_STDINT_H 1
| #define HAVE_UNISTD_H 1
| #define HAVE_DLFCN_H 1
| #define HAVE_LONG_LONG 1
| #define HAVE_LONG_DOUBLE 1
| #define RETSIGTYPE void
| #define HAVE_VPRINTF 1
| #define HAVE_STDLIB_H 1
| #define HAVE_MALLOC 1
| #define HAVE_STDLIB_H 1
| #define HAVE_REALLOC 1
| #define HAVE_SYS_SELECT_H 1
| #define HAVE_SYS_SOCKET_H 1
| #define SELECT_TYPE_ARG1 int
| #define SELECT_TYPE_ARG234 (fd_set *)
| #define SELECT_TYPE_ARG5 (struct timeval *)
| #define HAVE_LRINT 1
| #define HAVE_LRINTF 1
| #define HAVE_LLRINT 1
| #define HAVE_LLRINTF 1
| #define HAVE_MEMMOVE 1
| #define HAVE_MEMSET 1
| #define HAVE_SELECT 1
| #define HAVE_STRCASECMP 1
| #define HAVE_STRCHR 1
| #define HAVE_STRDUP 1
| #define HAVE_STRERROR 1
| #define HAVE_STRSTR 1
| #define HAVE_STRTOL 1
| #define HAVE_GETTIMEOFDAY 1
| #define STDC_HEADERS 1
| #define HAVE_SYS_WAIT_H 1
| #define TIME_WITH_SYS_TIME 1
| #define HAVE_INTTYPES_H 1
| #define HAVE_STDINT_H 1
| #define HAVE_UNISTD_H 1
| #define HAVE_STDLIB_H 1
| #define HAVE_STRING_H 1
| #define HAVE_STRINGS_H 1
| #define HAVE_MALLOC_H 1
| #define HAVE_TGMATH_H 1
| #define HAVE_MATH_H 1
| #define HAVE_FLOAT_H 1
| #define HAVE_FCNTL_H 1
| #define HAVE_SYS_TIME_H 1
| #define HAVE_SYS_SELECT_H 1
| #define HAVE_SYS_IOCTL_H 1
| #define HAVE_SYS_FCNTL_H 1
| #define HAVE_AUDIOFILE_H 1
| #define HAVE_FFTW3_H 1
| #define HAVE_TIFFIO_H 1
| #define HAVE_PTHREAD_H 1
| #define HAVE_X11_X_H 1
| #define HAVE_LIBXML_XMLMEMORY_H 1
| #define HAVE_LIBXML_PARSER_H 1
| #define HAVE_LIBXML_XINCLUDE_H 1
| #define HAVE_FL_FL_H 1
| #define HAVE_FL_FL_OVERLAY_WINDOW_H 1
| #define HAVE_FL_FL_LIGHT_BUTTON_H 1
| #define HAVE_FL_FL_DRAW_H 1
| #define HAVE_FL_FL_CARTESIAN_H 1
| /* end confdefs.h.  */
| #include <FL/Fl_Audio_Meter.H>
configure:28310: result: no
configure:28345: checking for FL/Fl_Audio_Meter.H
configure:28352: result: no
configure:28410: checking for cos in -lm
configure:28440: gcc -o conftest   -I/usr/include/libxml2  conftest.c -lm   >&5
conftest.c:90: warning: conflicting types for built-in function `cos'
configure:28446: $? = 0
configure:28450: test -z 
			 || test ! -s conftest.err
configure:28453: $? = 0
configure:28456: test -s conftest
configure:28459: $? = 0
configure:28472: result: yes
configure:28484: checking for library containing sinf
configure:28514: gcc -o conftest   -I/usr/include/libxml2  conftest.c -lm  >&5
conftest.c:91: warning: conflicting types for built-in function `sinf'
configure:28520: $? = 0
configure:28524: test -z 
			 || test ! -s conftest.err
configure:28527: $? = 0
configure:28530: test -s conftest
configure:28533: $? = 0
configure:28603: result: none required
configure:28614: checking for library containing cosf
configure:28644: gcc -o conftest   -I/usr/include/libxml2  conftest.c -lm  >&5
conftest.c:92: warning: conflicting types for built-in function `cosf'
configure:28650: $? = 0
configure:28654: test -z 
			 || test ! -s conftest.err
configure:28657: $? = 0
configure:28660: test -s conftest
configure:28663: $? = 0
configure:28733: result: none required
configure:28744: checking for library containing tanf
configure:28774: gcc -o conftest   -I/usr/include/libxml2  conftest.c -lm  >&5
configure:28780: $? = 0
configure:28784: test -z 
			 || test ! -s conftest.err
configure:28787: $? = 0
configure:28790: test -s conftest
configure:28793: $? = 0
configure:28863: result: none required
configure:28874: checking for library containing asinf
configure:28904: gcc -o conftest   -I/usr/include/libxml2  conftest.c -lm  >&5
configure:28910: $? = 0
configure:28914: test -z 
			 || test ! -s conftest.err
configure:28917: $? = 0
configure:28920: test -s conftest
configure:28923: $? = 0
configure:28993: result: none required
configure:29004: checking for library containing acosf
configure:29034: gcc -o conftest   -I/usr/include/libxml2  conftest.c -lm  >&5
configure:29040: $? = 0
configure:29044: test -z 
			 || test ! -s conftest.err
configure:29047: $? = 0
configure:29050: test -s conftest
configure:29053: $? = 0
configure:29123: result: none required
configure:29134: checking for library containing atanf
configure:29164: gcc -o conftest   -I/usr/include/libxml2  conftest.c -lm  >&5
configure:29170: $? = 0
configure:29174: test -z 
			 || test ! -s conftest.err
configure:29177: $? = 0
configure:29180: test -s conftest
configure:29183: $? = 0
configure:29253: result: none required
configure:29264: checking for library containing atan2f
configure:29294: gcc -o conftest   -I/usr/include/libxml2  conftest.c -lm  >&5
configure:29300: $? = 0
configure:29304: test -z 
			 || test ! -s conftest.err
configure:29307: $? = 0
configure:29310: test -s conftest
configure:29313: $? = 0
configure:29383: result: none required
configure:29394: checking for library containing ceilf
configure:29424: gcc -o conftest   -I/usr/include/libxml2  conftest.c -lm  >&5
configure:29430: $? = 0
configure:29434: test -z 
			 || test ! -s conftest.err
configure:29437: $? = 0
configure:29440: test -s conftest
configure:29443: $? = 0
configure:29513: result: none required
configure:29524: checking for library containing floorf
configure:29554: gcc -o conftest   -I/usr/include/libxml2  conftest.c -lm  >&5
configure:29560: $? = 0
configure:29564: test -z 
			 || test ! -s conftest.err
configure:29567: $? = 0
configure:29570: test -s conftest
configure:29573: $? = 0
configure:29643: result: none required
configure:29654: checking for library containing powf
configure:29684: gcc -o conftest   -I/usr/include/libxml2  conftest.c -lm  >&5
configure:29690: $? = 0
configure:29694: test -z 
			 || test ! -s conftest.err
configure:29697: $? = 0
configure:29700: test -s conftest
configure:29703: $? = 0
configure:29773: result: none required
configure:29784: checking for library containing expf
configure:29814: gcc -o conftest   -I/usr/include/libxml2  conftest.c -lm  >&5
conftest.c:101: warning: conflicting types for built-in function `expf'
configure:29820: $? = 0
configure:29824: test -z 
			 || test ! -s conftest.err
configure:29827: $? = 0
configure:29830: test -s conftest
configure:29833: $? = 0
configure:29903: result: none required
configure:29914: checking for library containing logf
configure:29944: gcc -o conftest   -I/usr/include/libxml2  conftest.c -lm  >&5
conftest.c:102: warning: conflicting types for built-in function `logf'
configure:29950: $? = 0
configure:29954: test -z 
			 || test ! -s conftest.err
configure:29957: $? = 0
configure:29960: test -s conftest
configure:29963: $? = 0
configure:30033: result: none required
configure:30044: checking for library containing log10f
configure:30074: gcc -o conftest   -I/usr/include/libxml2  conftest.c -lm  >&5
configure:30080: $? = 0
configure:30084: test -z 
			 || test ! -s conftest.err
configure:30087: $? = 0
configure:30090: test -s conftest
configure:30093: $? = 0
configure:30163: result: none required
configure:30235: checking for TIFFOpen in -ltiff
configure:30265: gcc -o conftest   -I/usr/include/libxml2  conftest.c -ltiff -lm -lm  >&5
configure:30271: $? = 0
configure:30275: test -z 
			 || test ! -s conftest.err
configure:30278: $? = 0
configure:30281: test -s conftest
configure:30284: $? = 0
configure:30297: result: yes
configure:30313: checking for xmlParseFile in -lxml2
configure:30343: gcc -o conftest   -I/usr/include/libxml2  conftest.c -lxml2  -ltiff -lm  >&5
configure:30349: $? = 0
configure:30353: test -z 
			 || test ! -s conftest.err
configure:30356: $? = 0
configure:30359: test -s conftest
configure:30362: $? = 0
configure:30375: result: yes
configure:31305: checking if i686-pc-linux-gnu is fixed point only
configure:31328: result: no
configure:31343: checking if i686-pc-linux-gnu fails on misaligned memory access
configure:31364: result: no
configure:31551: creating ./config.status

## ---------------------- ##
## Running config.status. ##
## ---------------------- ##

This file was extended by config.status, which was
generated by GNU Autoconf 2.59.  Invocation command line was

  CONFIG_FILES    = 
  CONFIG_HEADERS  = 
  CONFIG_LINKS    = 
  CONFIG_COMMANDS = 
  $ ./config.status 

on gollum.x101.com

config.status:756: creating Makefile
config.status:756: creating doc/Makefile
config.status:756: creating doc/doxygen
config.status:756: creating src/Makefile
config.status:756: creating src/spandsp.h
config.status:756: creating spandsp-sim/Makefile
config.status:756: creating test-data/Makefile
config.status:756: creating test-data/etsi/Makefile
config.status:756: creating test-data/etsi/fax/Makefile
config.status:756: creating test-data/itu/Makefile
config.status:756: creating test-data/itu/fax/Makefile
config.status:756: creating test-data/local/Makefile
config.status:756: creating tests/Makefile
config.status:756: creating spandsp.spec
config.status:860: creating src/config.h
config.status:1332: executing depfiles commands

## ---------------- ##
## Cache variables. ##
## ---------------- ##

ac_cv_build=i686-pc-linux-gnu
ac_cv_build_alias=i686-pc-linux-gnu
ac_cv_c99_flexible_array=yes
ac_cv_c99_llrint=yes
ac_cv_c99_llrintf=yes
ac_cv_c99_lrint=yes
ac_cv_c99_lrintf=yes
ac_cv_c_compiler_gnu=yes
ac_cv_c_const=yes
ac_cv_c_inline=inline
ac_cv_c_volatile=yes
ac_cv_cxx_compiler_gnu=yes
ac_cv_env_CC_set=
ac_cv_env_CC_value=
ac_cv_env_CFLAGS_set=set
ac_cv_env_CFLAGS_value=
ac_cv_env_CPPFLAGS_set=
ac_cv_env_CPPFLAGS_value=
ac_cv_env_CPP_set=
ac_cv_env_CPP_value=
ac_cv_env_CXXCPP_set=
ac_cv_env_CXXCPP_value=
ac_cv_env_CXXFLAGS_set=
ac_cv_env_CXXFLAGS_value=
ac_cv_env_CXX_set=
ac_cv_env_CXX_value=
ac_cv_env_F77_set=
ac_cv_env_F77_value=
ac_cv_env_FFLAGS_set=
ac_cv_env_FFLAGS_value=
ac_cv_env_LDFLAGS_set=set
ac_cv_env_LDFLAGS_value=
ac_cv_env_build_alias_set=
ac_cv_env_build_alias_value=
ac_cv_env_host_alias_set=
ac_cv_env_host_alias_value=
ac_cv_env_target_alias_set=
ac_cv_env_target_alias_value=
ac_cv_exeext=
ac_cv_f77_compiler_gnu=no
ac_cv_fixed_point_machine_i686_pc_linux_gnu=no
ac_cv_func__doprnt=no
ac_cv_func_gettimeofday=yes
ac_cv_func_malloc_0_nonnull=yes
ac_cv_func_memcmp_working=yes
ac_cv_func_memmove=yes
ac_cv_func_memset=yes
ac_cv_func_realloc_0_nonnull=yes
ac_cv_func_select=yes
ac_cv_func_select_args='int,fd_set *,struct timeval *'
ac_cv_func_strcasecmp=yes
ac_cv_func_strchr=yes
ac_cv_func_strdup=yes
ac_cv_func_strerror=yes
ac_cv_func_strstr=yes
ac_cv_func_strtol=yes
ac_cv_func_vprintf=yes
ac_cv_header_FL_Fl_Audio_Meter_H=no
ac_cv_header_FL_Fl_Cartesian_H=yes
ac_cv_header_FL_Fl_H=yes
ac_cv_header_FL_Fl_Light_Button_H=yes
ac_cv_header_FL_Fl_Overlay_Window_H=yes
ac_cv_header_FL_fl_draw_H=yes
ac_cv_header_X11_X_h=yes
ac_cv_header_audiofile_h=yes
ac_cv_header_dlfcn_h=yes
ac_cv_header_fcntl_h=yes
ac_cv_header_fftw3_h=yes
ac_cv_header_float_h=yes
ac_cv_header_inttypes_h=yes
ac_cv_header_libxml_parser_h=yes
ac_cv_header_libxml_xinclude_h=yes
ac_cv_header_libxml_xmlmemory_h=yes
ac_cv_header_malloc_h=yes
ac_cv_header_math_h=yes
ac_cv_header_memory_h=yes
ac_cv_header_pthread_h=yes
ac_cv_header_socket_h=no
ac_cv_header_stdc=yes
ac_cv_header_stdint_h=yes
ac_cv_header_stdlib_h=yes
ac_cv_header_string_h=yes
ac_cv_header_strings_h=yes
ac_cv_header_sys_fcntl_h=yes
ac_cv_header_sys_ioctl_h=yes
ac_cv_header_sys_select_h=yes
ac_cv_header_sys_socket_h=yes
ac_cv_header_sys_stat_h=yes
ac_cv_header_sys_time_h=yes
ac_cv_header_sys_types_h=yes
ac_cv_header_sys_wait_h=yes
ac_cv_header_tgmath_h=yes
ac_cv_header_tiffio_h=yes
ac_cv_header_time=yes
ac_cv_header_unicall_h=no
ac_cv_header_unistd_h=yes
ac_cv_host=i686-pc-linux-gnu
ac_cv_host_alias=i686-pc-linux-gnu
ac_cv_lib_error_at_line=yes
ac_cv_lib_m_cos=yes
ac_cv_lib_tiff_TIFFOpen=yes
ac_cv_lib_xml2_xmlParseFile=yes
ac_cv_misaligned_access_fails_i686_pc_linux_gnu=no
ac_cv_objext=o
ac_cv_path_install='/usr/bin/install -c'
ac_cv_prog_AWK=gawk
ac_cv_prog_CPP='gcc -E'
ac_cv_prog_CXXCPP='g++ -E'
ac_cv_prog_ac_ct_AR=ar
ac_cv_prog_ac_ct_CC=gcc
ac_cv_prog_ac_ct_CXX=g++
ac_cv_prog_ac_ct_RANLIB=ranlib
ac_cv_prog_ac_ct_STRIP=strip
ac_cv_prog_cc_g=yes
ac_cv_prog_cc_stdc=
ac_cv_prog_cxx_g=yes
ac_cv_prog_egrep='grep -E'
ac_cv_prog_f77_g=no
ac_cv_prog_gcc_traditional=no
ac_cv_prog_make_make_set=yes
ac_cv_search_acosf='none required'
ac_cv_search_asinf='none required'
ac_cv_search_atan2f='none required'
ac_cv_search_atanf='none required'
ac_cv_search_ceilf='none required'
ac_cv_search_cosf='none required'
ac_cv_search_expf='none required'
ac_cv_search_floorf='none required'
ac_cv_search_log10f='none required'
ac_cv_search_logf='none required'
ac_cv_search_powf='none required'
ac_cv_search_sinf='none required'
ac_cv_search_tanf='none required'
ac_cv_type_long_double=yes
ac_cv_type_long_long=yes
ac_cv_type_signal=void
am_cv_CC_dependencies_compiler_type=gcc3
am_cv_CXX_dependencies_compiler_type=gcc3
ax_cv_c_compiler_vendor=gnu
lt_cv_deplibs_check_method=pass_all
lt_cv_file_magic_cmd='$MAGIC_CMD'
lt_cv_file_magic_test_file=
lt_cv_ld_reload_flag=-r
lt_cv_objdir=.libs
lt_cv_path_LD=/usr/bin/ld
lt_cv_path_LDCXX=/usr/bin/ld
lt_cv_path_NM='/usr/bin/nm -B'
lt_cv_path_SED=/bin/sed
lt_cv_prog_compiler_c_o=yes
lt_cv_prog_compiler_c_o_CXX=yes
lt_cv_prog_compiler_pic_works=yes
lt_cv_prog_compiler_pic_works_CXX=yes
lt_cv_prog_compiler_rtti_exceptions=no
lt_cv_prog_compiler_static_works=yes
lt_cv_prog_compiler_static_works_CXX=yes
lt_cv_prog_gnu_ld=yes
lt_cv_prog_gnu_ldcxx=yes
lt_cv_sys_global_symbol_pipe='sed -n -e '\''s/^.*[ 	]\([ABCDGIRSTW][ABCDGIRSTW]*\)[ 	][ 	]*\([_A-Za-z][_A-Za-z0-9]*\)$/\1 \2 \2/p'\'''
lt_cv_sys_global_symbol_to_c_name_address='sed -n -e '\''s/^: \([^ ]*\) $/  {\"\1\", (lt_ptr) 0},/p'\'' -e '\''s/^[BCDEGRST] \([^ ]*\) \([^ ]*\)$/  {"\2", (lt_ptr) \&\2},/p'\'''
lt_cv_sys_global_symbol_to_cdecl='sed -n -e '\''s/^. .* \(.*\)$/extern int \1;/p'\'''
lt_cv_sys_lib_dlsearch_path_spec='/usr/lib /lib /usr/X11R6/lib /usr/local/lib /usr/lib/mysql '
lt_cv_sys_lib_search_path_spec='/usr/lib /lib /usr/local/lib'
lt_cv_sys_max_cmd_len=98304
lt_lt_cv_prog_compiler_c_o='"yes"'
lt_lt_cv_prog_compiler_c_o_CXX='"yes"'
lt_lt_cv_sys_global_symbol_pipe='"sed -n -e '\''s/^.*[ 	]\\([ABCDGIRSTW][ABCDGIRSTW]*\\)[ 	][ 	]*\\([_A-Za-z][_A-Za-z0-9]*\\)\$/\\1 \\2 \\2/p'\''"'
lt_lt_cv_sys_global_symbol_to_c_name_address='"sed -n -e '\''s/^: \\([^ ]*\\) \$/  {\\\"\\1\\\", (lt_ptr) 0},/p'\'' -e '\''s/^[BCDEGRST] \\([^ ]*\\) \\([^ ]*\\)\$/  {\"\\2\", (lt_ptr) \\&\\2},/p'\''"'
lt_lt_cv_sys_global_symbol_to_cdecl='"sed -n -e '\''s/^. .* \\(.*\\)\$/extern int \\1;/p'\''"'

## ----------------- ##
## Output variables. ##
## ----------------- ##

ACLOCAL='${SHELL} /usr/src/iaxmodem-1.2.0/lib/spandsp/config/missing --run aclocal-1.9'
AMDEPBACKSLASH='\'
AMDEP_FALSE='#'
AMDEP_TRUE=''
AMTAR='${SHELL} /usr/src/iaxmodem-1.2.0/lib/spandsp/config/missing --run tar'
AR='ar'
AUTOCONF='${SHELL} /usr/src/iaxmodem-1.2.0/lib/spandsp/config/missing --run autoconf'
AUTOHEADER='${SHELL} /usr/src/iaxmodem-1.2.0/lib/spandsp/config/missing --run autoheader'
AUTOMAKE='${SHELL} /usr/src/iaxmodem-1.2.0/lib/spandsp/config/missing --run automake-1.9'
AWK='gawk'
CC='gcc'
CCDEPMODE='depmode=gcc3'
CC_FOR_BUILD='$(CC)'
CFLAGS=''
COMP_VENDOR_CFLAGS='-DNDEBUG -DIAXMODEM_STUFF -std=gnu99 -ffast-math -Wall -Wunused-variable -Wwrite-strings -Wstrict-prototypes -Wmissing-prototypes'
COMP_VENDOR_LDFLAGS=''
COND_DOC_FALSE=''
COND_DOC_TRUE='#'
COND_MMX_FALSE=''
COND_MMX_TRUE='#'
COND_SSE_FALSE=''
COND_SSE_TRUE='#'
COND_TESTDATA_FALSE=''
COND_TESTDATA_TRUE='#'
COND_TESTS_FALSE=''
COND_TESTS_TRUE='#'
CPP='gcc -E'
CPPFLAGS=' -I/usr/include/libxml2'
CPPFLAGS_FOR_BUILD='$(CPPFLAGS)'
CXX='g++'
CXXCPP='g++ -E'
CXXDEPMODE='depmode=gcc3'
CXXFLAGS='-g -O2'
CYGPATH_W='echo'
DEFS='-DHAVE_CONFIG_H'
DEPDIR='.deps'
DSYMUTIL=''
ECHO='echo'
ECHO_C=''
ECHO_N='-n'
ECHO_T=''
EGREP='grep -E'
EXEEXT=''
F77=''
FFLAGS=''
INSERT_INTTYPES_HEADER='#include <inttypes.h>'
INSERT_MATH_HEADER='#include <math.h>'
INSERT_STDINT_HEADER='#include <stdint.h>'
INSERT_TGMATH_HEADER='#include <tgmath.h>'
INSTALL_DATA='${INSTALL} -m 644'
INSTALL_PROGRAM='${INSTALL}'
INSTALL_SCRIPT='${INSTALL}'
INSTALL_STRIP_PROGRAM='${SHELL} $(install_sh) -c -s'
LDFLAGS=''
LIBOBJS=''
LIBS='-ltiff -lm '
LIBTOOL='$(SHELL) $(top_builddir)/libtool'
LN_S='ln -s'
LTLIBOBJS=''
MAKEINFO='${SHELL} /usr/src/iaxmodem-1.2.0/lib/spandsp/config/missing --run makeinfo'
NMEDIT=''
OBJEXT='o'
PACKAGE='spandsp'
PACKAGE_BUGREPORT=''
PACKAGE_NAME=''
PACKAGE_STRING=''
PACKAGE_TARNAME=''
PACKAGE_VERSION=''
PATH_SEPARATOR=':'
RANLIB='ranlib'
SED='/bin/sed'
SET_MAKE=''
SHELL='/bin/sh'
SPANDSP_LT_AGE='0'
SPANDSP_LT_CURRENT='1'
SPANDSP_LT_REVISION='0'
SPANDSP_MISALIGNED_ACCESS_FAILS='#undef SPANDSP_MISALIGNED_ACCESS_FAILS'
SPANDSP_USE_FIXED_POINT='#undef SPANDSP_USE_FIXED_POINT'
STRIP='strip'
TESTLIBS=' -lxml2'
VERSION='0.0.5'
ac_ct_AR='ar'
ac_ct_CC='gcc'
ac_ct_CXX='g++'
ac_ct_DSYMUTIL=''
ac_ct_F77=''
ac_ct_NMEDIT=''
ac_ct_RANLIB='ranlib'
ac_ct_STRIP='strip'
am__fastdepCC_FALSE='#'
am__fastdepCC_TRUE=''
am__fastdepCXX_FALSE='#'
am__fastdepCXX_TRUE=''
am__include='include'
am__leading_dot='.'
am__quote=''
am__tar='${AMTAR} chof - "$$tardir"'
am__untar='${AMTAR} xf -'
bindir='${exec_prefix}/bin'
build='i686-pc-linux-gnu'
build_alias=''
build_cpu='i686'
build_os='linux-gnu'
build_vendor='pc'
datadir='${prefix}/share'
exec_prefix='${prefix}'
host='i686-pc-linux-gnu'
host_alias=''
host_cpu='i686'
host_os='linux-gnu'
host_vendor='pc'
includedir='${prefix}/include'
infodir='${prefix}/info'
install_sh='/usr/src/iaxmodem-1.2.0/lib/spandsp/config/install-sh'
libdir='${exec_prefix}/lib'
libexecdir='${exec_prefix}/libexec'
localstatedir='${prefix}/var'
mandir='${prefix}/man'
mkdir_p='mkdir -p --'
oldincludedir='/usr/include'
prefix='/usr/local'
program_transform_name='s,x,x,'
sbindir='${exec_prefix}/sbin'
sharedstatedir='${prefix}/com'
sysconfdir='${prefix}/etc'
target_alias=''

## ----------- ##
## confdefs.h. ##
## ----------- ##

#define HAVE_ACOSF 1
#define HAVE_ASINF 1
#define HAVE_ATAN2F 1
#define HAVE_ATANF 1
#define HAVE_AUDIOFILE_H 1
#define HAVE_CEILF 1
#define HAVE_COSF 1
#define HAVE_DLFCN_H 1
#define HAVE_EXPF 1
#define HAVE_FCNTL_H 1
#define HAVE_FFTW3_H 1
#define HAVE_FLOAT_H 1
#define HAVE_FLOORF 1
#define HAVE_FL_FL_CARTESIAN_H 1
#define HAVE_FL_FL_DRAW_H 1
#define HAVE_FL_FL_H 1
#define HAVE_FL_FL_LIGHT_BUTTON_H 1
#define HAVE_FL_FL_OVERLAY_WINDOW_H 1
#define HAVE_GETTIMEOFDAY 1
#define HAVE_INTTYPES_H 1
#define HAVE_INTTYPES_H 1
#define HAVE_LIBM 1
#define HAVE_LIBTIFF 1
#define HAVE_LIBXML2 1
#define HAVE_LIBXML_PARSER_H 1
#define HAVE_LIBXML_XINCLUDE_H 1
#define HAVE_LIBXML_XMLMEMORY_H 1
#define HAVE_LLRINT 1
#define HAVE_LLRINTF 1
#define HAVE_LOG10F 1
#define HAVE_LOGF 1
#define HAVE_LONG_DOUBLE 1
#define HAVE_LONG_LONG 1
#define HAVE_LRINT 1
#define HAVE_LRINTF 1
#define HAVE_MALLOC 1
#define HAVE_MALLOC_H 1
#define HAVE_MATH_H 1
#define HAVE_MEMMOVE 1
#define HAVE_MEMORY_H 1
#define HAVE_MEMSET 1
#define HAVE_POWF 1
#define HAVE_PTHREAD_H 1
#define HAVE_REALLOC 1
#define HAVE_SELECT 1
#define HAVE_SINF 1
#define HAVE_STDINT_H 1
#define HAVE_STDINT_H 1
#define HAVE_STDLIB_H 1
#define HAVE_STDLIB_H 1
#define HAVE_STDLIB_H 1
#define HAVE_STDLIB_H 1
#define HAVE_STRCASECMP 1
#define HAVE_STRCHR 1
#define HAVE_STRDUP 1
#define HAVE_STRERROR 1
#define HAVE_STRINGS_H 1
#define HAVE_STRINGS_H 1
#define HAVE_STRING_H 1
#define HAVE_STRING_H 1
#define HAVE_STRSTR 1
#define HAVE_STRTOL 1
#define HAVE_SYS_FCNTL_H 1
#define HAVE_SYS_IOCTL_H 1
#define HAVE_SYS_SELECT_H 1
#define HAVE_SYS_SELECT_H 1
#define HAVE_SYS_SOCKET_H 1
#define HAVE_SYS_STAT_H 1
#define HAVE_SYS_TIME_H 1
#define HAVE_SYS_TYPES_H 1
#define HAVE_SYS_WAIT_H 1
#define HAVE_TANF 1
#define HAVE_TGMATH_H 1
#define HAVE_TIFFIO_H 1
#define HAVE_UNISTD_H 1
#define HAVE_UNISTD_H 1
#define HAVE_VPRINTF 1
#define HAVE_X11_X_H 1
#define PACKAGE "spandsp"
#define PACKAGE_BUGREPORT ""
#define PACKAGE_NAME ""
#define PACKAGE_STRING ""
#define PACKAGE_TARNAME ""
#define PACKAGE_VERSION ""
#define RETSIGTYPE void
#define SELECT_TYPE_ARG1 int
#define SELECT_TYPE_ARG234 (fd_set *)
#define SELECT_TYPE_ARG5 (struct timeval *)
#define STDC_HEADERS 1
#define STDC_HEADERS 1
#define TIME_WITH_SYS_TIME 1
#define VERSION "0.0.5"
#endif
#ifdef __cplusplus
extern "C" void std::exit (int) throw (); using std::exit;

configure: exit 0

## ---------------------- ##
## Running config.status. ##
## ---------------------- ##

This file was extended by config.status, which was
generated by GNU Autoconf 2.59.  Invocation command line was

  CONFIG_FILES    = 
  CONFIG_HEADERS  = 
  CONFIG_LINKS    = 
  CONFIG_COMMANDS = 
  $ ./config.status src/config.h

on gollum.x101.com

config.status:860: creating src/config.h
config.status:1152: src/config.h is unchanged
